#
# There is insufficient memory for the Java Runtime Environment to continue.
# Native memory allocation (mmap) failed to map 310378496 bytes for Failed to commit area from 0x0000000092700000 to 0x00000000a4f00000 of length 310378496.
# Possible reasons:
#   The system is out of physical RAM or swap space
#   The process is running with CompressedOops enabled, and the Java Heap may be blocking the growth of the native heap
# Possible solutions:
#   Reduce memory load on the system
#   Increase physical memory or swap space
#   Check if swap backing store is full
#   Decrease Java heap size (-Xmx/-Xms)
#   Decrease number of Java threads
#   Decrease Java thread stack sizes (-Xss)
#   Set larger code cache with -XX:ReservedCodeCacheSize=
#   JVM is running with Unscaled Compressed Oops mode in which the Java heap is
#     placed in the first 4GB address space. The Java Heap base address is the
#     maximum limit for the native heap growth. Please use -XX:HeapBaseMinAddress
#     to set the Java Heap base and to place the Java Heap above 4GB virtual address.
# This output file may be truncated or incomplete.
#
#  Out of Memory Error (src/hotspot/os/windows/os_windows.cpp:3627), pid=4320, tid=1160
#
# JRE version: OpenJDK Runtime Environment (11.0.15) (build 11.0.15+0-b2043.56-9505619)
# Java VM: OpenJDK 64-Bit Server VM (11.0.15+0-b2043.56-9505619, mixed mode, tiered, compressed oops, g1 gc, windows-amd64)
# No core dump will be written. Minidumps are not enabled by default on client versions of Windows
#

---------------  S U M M A R Y ------------

Command Line: --add-opens=java.base/java.util=ALL-UNNAMED --add-opens=java.base/java.lang=ALL-UNNAMED --add-opens=java.base/java.lang.invoke=ALL-UNNAMED --add-opens=java.base/java.util=ALL-UNNAMED --add-opens=java.prefs/java.util.prefs=ALL-UNNAMED --add-opens=java.prefs/java.util.prefs=ALL-UNNAMED --add-opens=java.base/java.nio.charset=ALL-UNNAMED --add-opens=java.base/java.net=ALL-UNNAMED --add-opens=java.base/java.util.concurrent.atomic=ALL-UNNAMED -Xmx2048m -Dfile.encoding=UTF-8 -Duser.country=US -Duser.language=en -Duser.variant org.gradle.launcher.daemon.bootstrap.GradleDaemon 7.5

Host: Intel(R) Core(TM) i5-4210U CPU @ 1.70GHz, 4 cores, 3G,  Windows 10 , 64 bit Build 19041 (10.0.19041.2913)
Time: Wed May 24 06:18:00 2023 Pakistan Standard Time elapsed time: 103.248909 seconds (0d 0h 1m 43s)

---------------  T H R E A D  ---------------

Current thread (0x00000186df10f000):  VMThread "VM Thread" [stack: 0x0000004c39100000,0x0000004c39200000] [id=1160]

Stack: [0x0000004c39100000,0x0000004c39200000]
[error occurred during error reporting (printing stack bounds), id 0xc0000005, EXCEPTION_ACCESS_VIOLATION (0xc0000005) at pc=0x00000186c88e112d]

Native frames: (J=compiled Java code, j=interpreted, Vv=VM code, C=native code)
V  [jvm.dll+0x64135a]
V  [jvm.dll+0x7d39f9]
V  [jvm.dll+0x7d51b9]
V  [jvm.dll+0x7d5805]
V  [jvm.dll+0x7d57bb]
V  [jvm.dll+0x640655]
V  [jvm.dll+0x640d68]
C  [ntdll.dll+0xa23df]
C  [ntdll.dll+0x514a4]
C  [ntdll.dll+0xa0f0e]
C  0x00000186c88e112d

VM_Operation (0x0000004c3ddf7ef0): G1CollectForAllocation, mode: safepoint, requested by thread 0x00000186e1e60800


---------------  P R O C E S S  ---------------

Threads class SMR info:
_java_thread_list=0x00000186e27dd040, length=89, elements={
0x00000186c3600800, 0x00000186df111000, 0x00000186df112000, 0x00000186df16e800,
0x00000186df16f800, 0x00000186df172000, 0x00000186df175000, 0x00000186df17f000,
0x00000186df18d000, 0x00000186dfc02800, 0x00000186e22e8800, 0x00000186e24ed000,
0x00000186e2be5000, 0x00000186e1545000, 0x00000186e24ea000, 0x00000186e1941800,
0x00000186e2e64000, 0x00000186e193a800, 0x00000186e1d5d000, 0x00000186e1b0c800,
0x00000186e1b12000, 0x00000186e1b11800, 0x00000186e1b0e000, 0x00000186e1b13000,
0x00000186e1b0d000, 0x00000186e1b0f000, 0x00000186e1b0f800, 0x00000186e1b10800,
0x00000186e26e4000, 0x00000186e26e9800, 0x00000186e26e7000, 0x00000186e26e8000,
0x00000186e26e4800, 0x00000186e26e5800, 0x00000186e08fd000, 0x00000186e08ff800,
0x00000186e08f9800, 0x00000186e08fa800, 0x00000186e0900000, 0x00000186e08fc000,
0x00000186e0901000, 0x00000186e08fe000, 0x00000186e08fe800, 0x00000186e08fb800,
0x00000186e0907800, 0x00000186e0903800, 0x00000186e0902000, 0x00000186e0908800,
0x00000186e0902800, 0x00000186e0906000, 0x00000186e0906800, 0x00000186e0905000,
0x00000186e0904800, 0x00000186e1e56800, 0x00000186e1e52800, 0x00000186e1e53000,
0x00000186e1e54000, 0x00000186e1e51800, 0x00000186e1e58000, 0x00000186e1e5a000,
0x00000186e1e55000, 0x00000186e1e57800, 0x00000186e1e59000, 0x00000186e1e5b800,
0x00000186e1e5a800, 0x00000186e1e55800, 0x00000186e1e5c000, 0x00000186e1e5d000,
0x00000186e1e5e000, 0x00000186e1e5e800, 0x00000186e1e5f800, 0x00000186e1e60800,
0x00000186e34be000, 0x00000186e34bc000, 0x00000186e34c0800, 0x00000186e34c2000,
0x00000186e34be800, 0x00000186e34bd000, 0x00000186e34c1000, 0x00000186e34c5000,
0x00000186e34c3000, 0x00000186e34c4800, 0x00000186e34bf800, 0x00000186e34c6000,
0x00000186e34c7000, 0x00000186e34c7800, 0x00000186e34c8800, 0x00000186e34c9800,
0x00000186e34c3800
}

Java Threads: ( => current thread )
  0x00000186c3600800 JavaThread "main" [_thread_blocked, id=11152, stack(0x0000004c38b00000,0x0000004c38c00000)]
  0x00000186df111000 JavaThread "Reference Handler" daemon [_thread_blocked, id=7204, stack(0x0000004c39200000,0x0000004c39300000)]
  0x00000186df112000 JavaThread "Finalizer" daemon [_thread_blocked, id=7668, stack(0x0000004c39300000,0x0000004c39400000)]
  0x00000186df16e800 JavaThread "Signal Dispatcher" daemon [_thread_blocked, id=5820, stack(0x0000004c39400000,0x0000004c39500000)]
  0x00000186df16f800 JavaThread "Attach Listener" daemon [_thread_blocked, id=4104, stack(0x0000004c39500000,0x0000004c39600000)]
  0x00000186df172000 JavaThread "Service Thread" daemon [_thread_blocked, id=6024, stack(0x0000004c39600000,0x0000004c39700000)]
  0x00000186df175000 JavaThread "C2 CompilerThread0" daemon [_thread_blocked, id=3044, stack(0x0000004c39700000,0x0000004c39800000)]
  0x00000186df17f000 JavaThread "C1 CompilerThread0" daemon [_thread_blocked, id=4360, stack(0x0000004c39800000,0x0000004c39900000)]
  0x00000186df18d000 JavaThread "Sweeper thread" daemon [_thread_blocked, id=1364, stack(0x0000004c39900000,0x0000004c39a00000)]
  0x00000186dfc02800 JavaThread "Common-Cleaner" daemon [_thread_blocked, id=10928, stack(0x0000004c39a00000,0x0000004c39b00000)]
  0x00000186e22e8800 JavaThread "Daemon health stats" [_thread_blocked, id=2880, stack(0x0000004c39e00000,0x0000004c39f00000)]
  0x00000186e24ed000 JavaThread "Incoming local TCP Connector on port 50582" [_thread_in_native, id=1988, stack(0x0000004c39c00000,0x0000004c39d00000)]
  0x00000186e2be5000 JavaThread "Daemon periodic checks" [_thread_blocked, id=5216, stack(0x0000004c3a100000,0x0000004c3a200000)]
  0x00000186e1545000 JavaThread "Daemon" [_thread_blocked, id=6320, stack(0x0000004c3a200000,0x0000004c3a300000)]
  0x00000186e24ea000 JavaThread "Handler for socket connection from /127.0.0.1:50582 to /127.0.0.1:50583" [_thread_in_native, id=5196, stack(0x0000004c3a300000,0x0000004c3a400000)]
  0x00000186e1941800 JavaThread "Cancel handler" [_thread_blocked, id=9360, stack(0x0000004c3a400000,0x0000004c3a500000)]
  0x00000186e2e64000 JavaThread "Daemon worker" [_thread_blocked, id=9868, stack(0x0000004c3a500000,0x0000004c3a600000)]
  0x00000186e193a800 JavaThread "Asynchronous log dispatcher for DefaultDaemonConnection: socket connection from /127.0.0.1:50582 to /127.0.0.1:50583" [_thread_blocked, id=9444, stack(0x0000004c3a600000,0x0000004c3a700000)]
  0x00000186e1d5d000 JavaThread "Daemon client event forwarder" [_thread_blocked, id=10376, stack(0x0000004c3a800000,0x0000004c3a900000)]
  0x00000186e1b0c800 JavaThread "Cache worker for journal cache (C:\Users\Rahat Ali\.gradle\caches\journal-1)" [_thread_blocked, id=7488, stack(0x0000004c3a900000,0x0000004c3aa00000)]
  0x00000186e1b12000 JavaThread "File lock request listener" [_thread_in_native, id=7476, stack(0x0000004c3aa00000,0x0000004c3ab00000)]
  0x00000186e1b11800 JavaThread "Cache worker for file hash cache (C:\Users\Rahat Ali\.gradle\caches\7.5\fileHashes)" [_thread_blocked, id=68, stack(0x0000004c3ab00000,0x0000004c3ac00000)]
  0x00000186e1b0e000 JavaThread "File watcher server" daemon [_thread_blocked, id=9224, stack(0x0000004c3ad00000,0x0000004c3ae00000)]
  0x00000186e1b13000 JavaThread "File watcher consumer" daemon [_thread_blocked, id=8384, stack(0x0000004c3ae00000,0x0000004c3af00000)]
  0x00000186e1b0d000 JavaThread "Cache worker for checksums cache (C:\Users\Rahat Ali\AndroidStudioProjects\BluetoothApplication\.gradle\7.5\checksums)" [_thread_blocked, id=3384, stack(0x0000004c3af00000,0x0000004c3b000000)]
  0x00000186e1b0f000 JavaThread "Cache worker for cache directory md-rule (C:\Users\Rahat Ali\.gradle\caches\7.5\md-rule)" [_thread_blocked, id=7224, stack(0x0000004c3b000000,0x0000004c3b100000)]
  0x00000186e1b0f800 JavaThread "Cache worker for file content cache (C:\Users\Rahat Ali\.gradle\caches\7.5\fileContent)" [_thread_blocked, id=10856, stack(0x0000004c3b100000,0x0000004c3b200000)]
  0x00000186e1b10800 JavaThread "Cache worker for file hash cache (C:\Users\Rahat Ali\AndroidStudioProjects\BluetoothApplication\.gradle\7.5\fileHashes)" [_thread_blocked, id=8812, stack(0x0000004c3b200000,0x0000004c3b300000)]
  0x00000186e26e4000 JavaThread "Cache worker for cache directory md-supplier (C:\Users\Rahat Ali\.gradle\caches\7.5\md-supplier)" [_thread_blocked, id=2276, stack(0x0000004c3b300000,0x0000004c3b400000)]
  0x00000186e26e9800 JavaThread "Cache worker for execution history cache (C:\Users\Rahat Ali\.gradle\caches\7.5\executionHistory)" [_thread_blocked, id=6080, stack(0x0000004c3b400000,0x0000004c3b500000)]
  0x00000186e26e7000 JavaThread "jar transforms" [_thread_blocked, id=9356, stack(0x0000004c3ac00000,0x0000004c3ad00000)]
  0x00000186e26e8000 JavaThread "jar transforms Thread 2" [_thread_blocked, id=10712, stack(0x0000004c3b500000,0x0000004c3b600000)]
  0x00000186e26e4800 JavaThread "jar transforms Thread 3" [_thread_blocked, id=1380, stack(0x0000004c3b700000,0x0000004c3b800000)]
  0x00000186e26e5800 JavaThread "jar transforms Thread 4" [_thread_blocked, id=5736, stack(0x0000004c3b800000,0x0000004c3b900000)]
  0x00000186e08fd000 JavaThread "Cache worker for dependencies-accessors (C:\Users\Rahat Ali\AndroidStudioProjects\BluetoothApplication\.gradle\7.5\dependencies-accessors)" [_thread_blocked, id=8028, stack(0x0000004c3b900000,0x0000004c3ba00000)]
  0x00000186e08ff800 JavaThread "Cache worker for Build Output Cleanup Cache (C:\Users\Rahat Ali\AndroidStudioProjects\BluetoothApplication\.gradle\buildOutputCleanup)" [_thread_blocked, id=8612, stack(0x0000004c3ba00000,0x0000004c3bb00000)]
  0x00000186e08f9800 JavaThread "Unconstrained build operations" [_thread_blocked, id=11120, stack(0x0000004c3b600000,0x0000004c3b700000)]
  0x00000186e08fa800 JavaThread "Unconstrained build operations Thread 2" [_thread_blocked, id=588, stack(0x0000004c3bb00000,0x0000004c3bc00000)]
  0x00000186e0900000 JavaThread "Unconstrained build operations Thread 3" [_thread_blocked, id=6776, stack(0x0000004c3bc00000,0x0000004c3bd00000)]
  0x00000186e08fc000 JavaThread "Unconstrained build operations Thread 4" [_thread_blocked, id=7152, stack(0x0000004c3bd00000,0x0000004c3be00000)]
  0x00000186e0901000 JavaThread "Unconstrained build operations Thread 5" [_thread_blocked, id=8352, stack(0x0000004c3be00000,0x0000004c3bf00000)]
  0x00000186e08fe000 JavaThread "Unconstrained build operations Thread 6" [_thread_blocked, id=9312, stack(0x0000004c3bf00000,0x0000004c3c000000)]
  0x00000186e08fe800 JavaThread "Unconstrained build operations Thread 7" [_thread_blocked, id=4832, stack(0x0000004c3c000000,0x0000004c3c100000)]
  0x00000186e08fb800 JavaThread "Unconstrained build operations Thread 8" [_thread_blocked, id=10224, stack(0x0000004c3c100000,0x0000004c3c200000)]
  0x00000186e0907800 JavaThread "Unconstrained build operations Thread 9" [_thread_blocked, id=7228, stack(0x0000004c3c200000,0x0000004c3c300000)]
  0x00000186e0903800 JavaThread "Unconstrained build operations Thread 10" [_thread_blocked, id=5544, stack(0x0000004c3c300000,0x0000004c3c400000)]
  0x00000186e0902000 JavaThread "Unconstrained build operations Thread 11" [_thread_blocked, id=6120, stack(0x0000004c3c400000,0x0000004c3c500000)]
  0x00000186e0908800 JavaThread "Unconstrained build operations Thread 12" [_thread_blocked, id=4276, stack(0x0000004c3c500000,0x0000004c3c600000)]
  0x00000186e0902800 JavaThread "Unconstrained build operations Thread 13" [_thread_blocked, id=10108, stack(0x0000004c3c600000,0x0000004c3c700000)]
  0x00000186e0906000 JavaThread "Unconstrained build operations Thread 14" [_thread_blocked, id=2552, stack(0x0000004c3c700000,0x0000004c3c800000)]
  0x00000186e0906800 JavaThread "Unconstrained build operations Thread 15" [_thread_blocked, id=10608, stack(0x0000004c3c800000,0x0000004c3c900000)]
  0x00000186e0905000 JavaThread "Unconstrained build operations Thread 16" [_thread_blocked, id=7384, stack(0x0000004c3c900000,0x0000004c3ca00000)]
  0x00000186e0904800 JavaThread "Unconstrained build operations Thread 17" [_thread_blocked, id=8344, stack(0x0000004c3ca00000,0x0000004c3cb00000)]
  0x00000186e1e56800 JavaThread "Unconstrained build operations Thread 18" [_thread_blocked, id=8952, stack(0x0000004c3cb00000,0x0000004c3cc00000)]
  0x00000186e1e52800 JavaThread "Unconstrained build operations Thread 19" [_thread_blocked, id=1244, stack(0x0000004c3cc00000,0x0000004c3cd00000)]
  0x00000186e1e53000 JavaThread "Unconstrained build operations Thread 20" [_thread_blocked, id=10780, stack(0x0000004c3cd00000,0x0000004c3ce00000)]
  0x00000186e1e54000 JavaThread "Unconstrained build operations Thread 21" [_thread_blocked, id=5496, stack(0x0000004c3ce00000,0x0000004c3cf00000)]
  0x00000186e1e51800 JavaThread "Unconstrained build operations Thread 22" [_thread_blocked, id=10276, stack(0x0000004c3cf00000,0x0000004c3d000000)]
  0x00000186e1e58000 JavaThread "Unconstrained build operations Thread 23" [_thread_blocked, id=1204, stack(0x0000004c3d000000,0x0000004c3d100000)]
  0x00000186e1e5a000 JavaThread "Unconstrained build operations Thread 24" [_thread_blocked, id=8748, stack(0x0000004c3d100000,0x0000004c3d200000)]
  0x00000186e1e55000 JavaThread "Unconstrained build operations Thread 25" [_thread_blocked, id=7708, stack(0x0000004c3d200000,0x0000004c3d300000)]
  0x00000186e1e57800 JavaThread "Unconstrained build operations Thread 26" [_thread_blocked, id=6932, stack(0x0000004c3d300000,0x0000004c3d400000)]
  0x00000186e1e59000 JavaThread "Unconstrained build operations Thread 27" [_thread_blocked, id=11236, stack(0x0000004c3d400000,0x0000004c3d500000)]
  0x00000186e1e5b800 JavaThread "Unconstrained build operations Thread 28" [_thread_blocked, id=2872, stack(0x0000004c3d500000,0x0000004c3d600000)]
  0x00000186e1e5a800 JavaThread "Unconstrained build operations Thread 29" [_thread_blocked, id=9076, stack(0x0000004c3d600000,0x0000004c3d700000)]
  0x00000186e1e55800 JavaThread "Unconstrained build operations Thread 30" [_thread_blocked, id=672, stack(0x0000004c3d700000,0x0000004c3d800000)]
  0x00000186e1e5c000 JavaThread "Unconstrained build operations Thread 31" [_thread_blocked, id=4676, stack(0x0000004c3d800000,0x0000004c3d900000)]
  0x00000186e1e5d000 JavaThread "Unconstrained build operations Thread 32" [_thread_blocked, id=228, stack(0x0000004c3d900000,0x0000004c3da00000)]
  0x00000186e1e5e000 JavaThread "Unconstrained build operations Thread 33" [_thread_blocked, id=4184, stack(0x0000004c3da00000,0x0000004c3db00000)]
  0x00000186e1e5e800 JavaThread "Unconstrained build operations Thread 34" [_thread_blocked, id=5088, stack(0x0000004c3db00000,0x0000004c3dc00000)]
  0x00000186e1e5f800 JavaThread "Unconstrained build operations Thread 35" [_thread_blocked, id=3092, stack(0x0000004c3dc00000,0x0000004c3dd00000)]
  0x00000186e1e60800 JavaThread "Unconstrained build operations Thread 36" [_thread_blocked, id=11164, stack(0x0000004c3dd00000,0x0000004c3de00000)]
  0x00000186e34be000 JavaThread "Unconstrained build operations Thread 37" [_thread_blocked, id=6204, stack(0x0000004c3de00000,0x0000004c3df00000)]
  0x00000186e34bc000 JavaThread "Unconstrained build operations Thread 38" [_thread_blocked, id=11072, stack(0x0000004c3df00000,0x0000004c3e000000)]
  0x00000186e34c0800 JavaThread "Unconstrained build operations Thread 39" [_thread_blocked, id=7712, stack(0x0000004c3e000000,0x0000004c3e100000)]
  0x00000186e34c2000 JavaThread "Unconstrained build operations Thread 40" [_thread_blocked, id=6824, stack(0x0000004c3e100000,0x0000004c3e200000)]
  0x00000186e34be800 JavaThread "build event listener" [_thread_blocked, id=1500, stack(0x0000004c3e200000,0x0000004c3e300000)]
  0x00000186e34bd000 JavaThread "Memory manager" [_thread_blocked, id=6008, stack(0x0000004c3e300000,0x0000004c3e400000)]
  0x00000186e34c1000 JavaThread "pool-3-thread-1" [_thread_blocked, id=11100, stack(0x0000004c3e600000,0x0000004c3e700000)]
  0x00000186e34c5000 JavaThread "build event listener" [_thread_blocked, id=2956, stack(0x0000004c3e700000,0x0000004c3e800000)]
  0x00000186e34c3000 JavaThread "included builds" [_thread_blocked, id=10788, stack(0x0000004c3e800000,0x0000004c3e900000)]
  0x00000186e34c4800 JavaThread "Execution worker" [_thread_blocked, id=5808, stack(0x0000004c3e900000,0x0000004c3ea00000)]
  0x00000186e34bf800 JavaThread "Execution worker Thread 2" [_thread_blocked, id=9412, stack(0x0000004c3ea00000,0x0000004c3eb00000)]
  0x00000186e34c6000 JavaThread "Execution worker Thread 3" [_thread_blocked, id=3424, stack(0x0000004c3eb00000,0x0000004c3ec00000)]
  0x00000186e34c7000 JavaThread "Cache worker for execution history cache (C:\Users\Rahat Ali\AndroidStudioProjects\BluetoothApplication\.gradle\7.5\executionHistory)" [_thread_blocked, id=4452, stack(0x0000004c3ec00000,0x0000004c3ed00000)]
  0x00000186e34c7800 JavaThread "WorkerExecutor Queue" [_thread_blocked, id=8064, stack(0x0000004c3ed00000,0x0000004c3ee00000)]
  0x00000186e34c8800 JavaThread "WorkerExecutor Queue Thread 2" [_thread_blocked, id=6784, stack(0x0000004c3ee00000,0x0000004c3ef00000)]
  0x00000186e34c9800 JavaThread "WorkerExecutor Queue Thread 3" [_thread_blocked, id=2348, stack(0x0000004c3ef00000,0x0000004c3f000000)]
  0x00000186e34c3800 JavaThread "WorkerExecutor Queue Thread 4" [_thread_blocked, id=6820, stack(0x0000004c38800000,0x0000004c38900000)]

Other Threads:
=>0x00000186df10f000 VMThread "VM Thread" [stack: 0x0000004c39100000,0x0000004c39200000] [id=1160]
  0x00000186dfc20000 WatcherThread [stack: 0x0000004c39b00000,0x0000004c39c00000] [id=704]
  0x00000186c3619000 GCTaskThread "GC Thread#0" [stack: 0x0000004c38c00000,0x0000004c38d00000] [id=7464]
  0x00000186e0254800 GCTaskThread "GC Thread#1" [stack: 0x0000004c39d00000,0x0000004c39e00000] [id=6308]
  0x00000186e1616000 GCTaskThread "GC Thread#2" [stack: 0x0000004c39f00000,0x0000004c3a000000] [id=1216]
  0x00000186e1a92800 GCTaskThread "GC Thread#3" [stack: 0x0000004c3a000000,0x0000004c3a100000] [id=6552]
  0x00000186c364b800 ConcurrentGCThread "G1 Main Marker" [stack: 0x0000004c38d00000,0x0000004c38e00000] [id=7444]
  0x00000186c364d000 ConcurrentGCThread "G1 Conc#0" [stack: 0x0000004c38e00000,0x0000004c38f00000] [id=4508]
  0x00000186c36a6800 ConcurrentGCThread "G1 Refine#0" [stack: 0x0000004c38f00000,0x0000004c39000000] [id=5180]
  0x00000186c36a7800 ConcurrentGCThread "G1 Young RemSet Sampling" [stack: 0x0000004c39000000,0x0000004c39100000] [id=11140]

Threads with active compile tasks:
C2 CompilerThread0   103787 16776       4       com.android.tools.r8.internal.L4$$Lambda$1490/0x0000000100e1a040::accept (8 bytes)

VM state:at safepoint (normal execution)

VM Mutex/Monitor currently owned by a thread:  ([mutex/lock_event])
[0x00000186c35fd360] Threads_lock - owner thread: 0x00000186df10f000
[0x00000186c35fbce0] Heap_lock - owner thread: 0x00000186e1e60800

Heap address: 0x0000000080000000, size: 2048 MB, Compressed Oops mode: 32-bit
Narrow klass base: 0x0000000000000000, Narrow klass shift: 3
Compressed class space size: 1073741824 Address: 0x0000000100000000

Heap:
 garbage-first heap   total 605184K, used 121564K [0x0000000080000000, 0x0000000100000000)
  region size 1024K, 4 young (4096K), 4 survivors (4096K)
 Metaspace       used 108415K, capacity 111526K, committed 111824K, reserved 1146880K
  class space    used 13836K, capacity 15062K, committed 15180K, reserved 1048576K
Heap Regions: E=young(eden), S=young(survivor), O=old, HS=humongous(starts), HC=humongous(continues), CS=collection set, F=free, A=archive, TAMS=top-at-mark-start (previous, next)
|   0|0x0000000080000000, 0x0000000080100000, 0x0000000080100000|100%|HS|  |TAMS 0x0000000080100000, 0x0000000080100000| Complete 
|   1|0x0000000080100000, 0x0000000080200000, 0x0000000080200000|100%|HC|  |TAMS 0x0000000080200000, 0x0000000080200000| Complete 
|   2|0x0000000080200000, 0x0000000080300000, 0x0000000080300000|100%|HC|  |TAMS 0x0000000080300000, 0x0000000080300000| Complete 
|   3|0x0000000080300000, 0x0000000080400000, 0x0000000080400000|100%| O|  |TAMS 0x0000000080400000, 0x0000000080400000| Untracked 
|   4|0x0000000080400000, 0x0000000080500000, 0x0000000080500000|100%| O|  |TAMS 0x0000000080500000, 0x0000000080500000| Untracked 
|   5|0x0000000080500000, 0x0000000080600000, 0x0000000080600000|100%| O|  |TAMS 0x0000000080600000, 0x0000000080600000| Untracked 
|   6|0x0000000080600000, 0x0000000080700000, 0x0000000080700000|100%| O|  |TAMS 0x0000000080700000, 0x0000000080700000| Untracked 
|   7|0x0000000080700000, 0x0000000080800000, 0x0000000080800000|100%| O|  |TAMS 0x0000000080800000, 0x0000000080800000| Untracked 
|   8|0x0000000080800000, 0x0000000080900000, 0x0000000080900000|100%| O|  |TAMS 0x0000000080900000, 0x0000000080900000| Untracked 
|   9|0x0000000080900000, 0x0000000080a00000, 0x0000000080a00000|100%| O|  |TAMS 0x0000000080a00000, 0x0000000080a00000| Untracked 
|  10|0x0000000080a00000, 0x0000000080b00000, 0x0000000080b00000|100%| O|  |TAMS 0x0000000080b00000, 0x0000000080b00000| Untracked 
|  11|0x0000000080b00000, 0x0000000080c00000, 0x0000000080c00000|100%| O|  |TAMS 0x0000000080c00000, 0x0000000080c00000| Untracked 
|  12|0x0000000080c00000, 0x0000000080d00000, 0x0000000080d00000|100%| O|  |TAMS 0x0000000080d00000, 0x0000000080d00000| Untracked 
|  13|0x0000000080d00000, 0x0000000080e00000, 0x0000000080e00000|100%| O|  |TAMS 0x0000000080e00000, 0x0000000080e00000| Untracked 
|  14|0x0000000080e00000, 0x0000000080f00000, 0x0000000080f00000|100%| O|  |TAMS 0x0000000080f00000, 0x0000000080f00000| Untracked 
|  15|0x0000000080f00000, 0x0000000081000000, 0x0000000081000000|100%| O|  |TAMS 0x0000000081000000, 0x0000000081000000| Untracked 
|  16|0x0000000081000000, 0x0000000081100000, 0x0000000081100000|100%| O|  |TAMS 0x0000000081100000, 0x0000000081100000| Untracked 
|  17|0x0000000081100000, 0x0000000081200000, 0x0000000081200000|100%| O|  |TAMS 0x0000000081200000, 0x0000000081200000| Untracked 
|  18|0x0000000081200000, 0x0000000081300000, 0x0000000081300000|100%| O|  |TAMS 0x0000000081300000, 0x0000000081300000| Untracked 
|  19|0x0000000081300000, 0x0000000081400000, 0x0000000081400000|100%| O|  |TAMS 0x0000000081400000, 0x0000000081400000| Untracked 
|  20|0x0000000081400000, 0x0000000081500000, 0x0000000081500000|100%| O|  |TAMS 0x0000000081500000, 0x0000000081500000| Untracked 
|  21|0x0000000081500000, 0x0000000081600000, 0x0000000081600000|100%| O|  |TAMS 0x0000000081600000, 0x0000000081600000| Untracked 
|  22|0x0000000081600000, 0x0000000081700000, 0x0000000081700000|100%| O|  |TAMS 0x0000000081700000, 0x0000000081700000| Untracked 
|  23|0x0000000081700000, 0x0000000081800000, 0x0000000081800000|100%| O|  |TAMS 0x0000000081800000, 0x0000000081800000| Untracked 
|  24|0x0000000081800000, 0x0000000081900000, 0x0000000081900000|100%|HS|  |TAMS 0x0000000081900000, 0x0000000081900000| Complete 
|  25|0x0000000081900000, 0x0000000081a00000, 0x0000000081a00000|100%| O|  |TAMS 0x0000000081a00000, 0x0000000081a00000| Untracked 
|  26|0x0000000081a00000, 0x0000000081b00000, 0x0000000081b00000|100%| O|  |TAMS 0x0000000081b00000, 0x0000000081b00000| Untracked 
|  27|0x0000000081b00000, 0x0000000081c00000, 0x0000000081c00000|100%| O|  |TAMS 0x0000000081c00000, 0x0000000081c00000| Untracked 
|  28|0x0000000081c00000, 0x0000000081d00000, 0x0000000081d00000|100%| O|  |TAMS 0x0000000081d00000, 0x0000000081d00000| Untracked 
|  29|0x0000000081d00000, 0x0000000081e00000, 0x0000000081e00000|100%| O|  |TAMS 0x0000000081e00000, 0x0000000081e00000| Untracked 
|  30|0x0000000081e00000, 0x0000000081f00000, 0x0000000081f00000|100%|HS|  |TAMS 0x0000000081f00000, 0x0000000081f00000| Complete 
|  31|0x0000000081f00000, 0x0000000082000000, 0x0000000082000000|100%| O|  |TAMS 0x0000000082000000, 0x0000000082000000| Untracked 
|  32|0x0000000082000000, 0x0000000082100000, 0x0000000082100000|100%| O|  |TAMS 0x0000000082100000, 0x0000000082100000| Untracked 
|  33|0x0000000082100000, 0x0000000082200000, 0x0000000082200000|100%| O|  |TAMS 0x0000000082200000, 0x0000000082200000| Untracked 
|  34|0x0000000082200000, 0x0000000082300000, 0x0000000082300000|100%| O|  |TAMS 0x0000000082300000, 0x0000000082300000| Untracked 
|  35|0x0000000082300000, 0x0000000082400000, 0x0000000082400000|100%| O|  |TAMS 0x0000000082400000, 0x0000000082400000| Untracked 
|  36|0x0000000082400000, 0x0000000082500000, 0x0000000082500000|100%| O|  |TAMS 0x0000000082500000, 0x0000000082500000| Untracked 
|  37|0x0000000082500000, 0x0000000082600000, 0x0000000082600000|100%| O|  |TAMS 0x0000000082600000, 0x0000000082600000| Untracked 
|  38|0x0000000082600000, 0x0000000082700000, 0x0000000082700000|100%| O|  |TAMS 0x0000000082700000, 0x0000000082700000| Untracked 
|  39|0x0000000082700000, 0x0000000082800000, 0x0000000082800000|100%| O|  |TAMS 0x0000000082800000, 0x0000000082800000| Untracked 
|  40|0x0000000082800000, 0x0000000082900000, 0x0000000082900000|100%| O|  |TAMS 0x0000000082900000, 0x0000000082900000| Untracked 
|  41|0x0000000082900000, 0x0000000082a00000, 0x0000000082a00000|100%| O|  |TAMS 0x0000000082a00000, 0x0000000082a00000| Untracked 
|  42|0x0000000082a00000, 0x0000000082b00000, 0x0000000082b00000|100%| O|  |TAMS 0x0000000082b00000, 0x0000000082b00000| Untracked 
|  43|0x0000000082b00000, 0x0000000082c00000, 0x0000000082c00000|100%| O|  |TAMS 0x0000000082c00000, 0x0000000082c00000| Untracked 
|  44|0x0000000082c00000, 0x0000000082d00000, 0x0000000082d00000|100%| O|  |TAMS 0x0000000082d00000, 0x0000000082d00000| Untracked 
|  45|0x0000000082d00000, 0x0000000082e00000, 0x0000000082e00000|100%| O|  |TAMS 0x0000000082e00000, 0x0000000082e00000| Untracked 
|  46|0x0000000082e00000, 0x0000000082f00000, 0x0000000082f00000|100%| O|  |TAMS 0x0000000082f00000, 0x0000000082f00000| Untracked 
|  47|0x0000000082f00000, 0x0000000083000000, 0x0000000083000000|100%| O|  |TAMS 0x0000000083000000, 0x0000000083000000| Untracked 
|  48|0x0000000083000000, 0x0000000083100000, 0x0000000083100000|100%| O|  |TAMS 0x0000000083100000, 0x0000000083100000| Untracked 
|  49|0x0000000083100000, 0x0000000083200000, 0x0000000083200000|100%| O|  |TAMS 0x0000000083200000, 0x0000000083200000| Untracked 
|  50|0x0000000083200000, 0x0000000083300000, 0x0000000083300000|100%| O|  |TAMS 0x0000000083300000, 0x0000000083300000| Untracked 
|  51|0x0000000083300000, 0x0000000083400000, 0x0000000083400000|100%| O|  |TAMS 0x0000000083400000, 0x0000000083400000| Untracked 
|  52|0x0000000083400000, 0x0000000083500000, 0x0000000083500000|100%| O|  |TAMS 0x0000000083500000, 0x0000000083500000| Untracked 
|  53|0x0000000083500000, 0x0000000083600000, 0x0000000083600000|100%| O|  |TAMS 0x0000000083600000, 0x0000000083600000| Untracked 
|  54|0x0000000083600000, 0x0000000083700000, 0x0000000083700000|100%| O|  |TAMS 0x0000000083700000, 0x0000000083700000| Untracked 
|  55|0x0000000083700000, 0x0000000083800000, 0x0000000083800000|100%| O|  |TAMS 0x0000000083800000, 0x0000000083800000| Untracked 
|  56|0x0000000083800000, 0x0000000083900000, 0x0000000083900000|100%| O|  |TAMS 0x0000000083900000, 0x0000000083900000| Untracked 
|  57|0x0000000083900000, 0x0000000083a00000, 0x0000000083a00000|100%| O|  |TAMS 0x0000000083a00000, 0x0000000083a00000| Untracked 
|  58|0x0000000083a00000, 0x0000000083b00000, 0x0000000083b00000|100%| O|  |TAMS 0x0000000083b00000, 0x0000000083b00000| Untracked 
|  59|0x0000000083b00000, 0x0000000083c00000, 0x0000000083c00000|100%| O|  |TAMS 0x0000000083c00000, 0x0000000083c00000| Untracked 
|  60|0x0000000083c00000, 0x0000000083d00000, 0x0000000083d00000|100%| O|  |TAMS 0x0000000083d00000, 0x0000000083d00000| Untracked 
|  61|0x0000000083d00000, 0x0000000083e00000, 0x0000000083e00000|100%| O|  |TAMS 0x0000000083e00000, 0x0000000083e00000| Untracked 
|  62|0x0000000083e00000, 0x0000000083f00000, 0x0000000083f00000|100%| O|  |TAMS 0x0000000083f00000, 0x0000000083f00000| Untracked 
|  63|0x0000000083f00000, 0x0000000084000000, 0x0000000084000000|100%| O|  |TAMS 0x0000000084000000, 0x0000000084000000| Untracked 
|  64|0x0000000084000000, 0x0000000084100000, 0x0000000084100000|100%| O|  |TAMS 0x0000000084100000, 0x0000000084100000| Untracked 
|  65|0x0000000084100000, 0x0000000084200000, 0x0000000084200000|100%| O|  |TAMS 0x0000000084200000, 0x0000000084200000| Untracked 
|  66|0x0000000084200000, 0x0000000084300000, 0x0000000084300000|100%| O|  |TAMS 0x0000000084300000, 0x0000000084300000| Untracked 
|  67|0x0000000084300000, 0x0000000084400000, 0x0000000084400000|100%| O|  |TAMS 0x0000000084400000, 0x0000000084400000| Untracked 
|  68|0x0000000084400000, 0x0000000084500000, 0x0000000084500000|100%| O|  |TAMS 0x0000000084500000, 0x0000000084500000| Untracked 
|  69|0x0000000084500000, 0x0000000084600000, 0x0000000084600000|100%| O|  |TAMS 0x0000000084600000, 0x0000000084600000| Untracked 
|  70|0x0000000084600000, 0x0000000084700000, 0x0000000084700000|100%| O|  |TAMS 0x0000000084700000, 0x0000000084700000| Untracked 
|  71|0x0000000084700000, 0x0000000084800000, 0x0000000084800000|100%| O|  |TAMS 0x0000000084800000, 0x0000000084800000| Untracked 
|  72|0x0000000084800000, 0x0000000084900000, 0x0000000084900000|100%| O|  |TAMS 0x0000000084900000, 0x0000000084900000| Untracked 
|  73|0x0000000084900000, 0x0000000084a00000, 0x0000000084a00000|100%| O|  |TAMS 0x0000000084a00000, 0x0000000084a00000| Untracked 
|  74|0x0000000084a00000, 0x0000000084b00000, 0x0000000084b00000|100%| O|  |TAMS 0x0000000084b00000, 0x0000000084b00000| Untracked 
|  75|0x0000000084b00000, 0x0000000084c00000, 0x0000000084c00000|100%| O|  |TAMS 0x0000000084c00000, 0x0000000084c00000| Untracked 
|  76|0x0000000084c00000, 0x0000000084d00000, 0x0000000084d00000|100%| O|  |TAMS 0x0000000084d00000, 0x0000000084d00000| Untracked 
|  77|0x0000000084d00000, 0x0000000084e00000, 0x0000000084e00000|100%| O|  |TAMS 0x0000000084e00000, 0x0000000084e00000| Untracked 
|  78|0x0000000084e00000, 0x0000000084f00000, 0x0000000084f00000|100%| O|  |TAMS 0x0000000084f00000, 0x0000000084f00000| Untracked 
|  79|0x0000000084f00000, 0x0000000085000000, 0x0000000085000000|100%| O|  |TAMS 0x0000000085000000, 0x0000000085000000| Untracked 
|  80|0x0000000085000000, 0x0000000085100000, 0x0000000085100000|100%| O|  |TAMS 0x0000000085100000, 0x0000000085100000| Untracked 
|  81|0x0000000085100000, 0x0000000085200000, 0x0000000085200000|100%| O|  |TAMS 0x0000000085200000, 0x0000000085200000| Untracked 
|  82|0x0000000085200000, 0x0000000085300000, 0x0000000085300000|100%| O|  |TAMS 0x0000000085300000, 0x0000000085300000| Untracked 
|  83|0x0000000085300000, 0x0000000085400000, 0x0000000085400000|100%| O|  |TAMS 0x0000000085400000, 0x0000000085400000| Untracked 
|  84|0x0000000085400000, 0x0000000085500000, 0x0000000085500000|100%| O|  |TAMS 0x0000000085500000, 0x0000000085500000| Untracked 
|  85|0x0000000085500000, 0x0000000085600000, 0x0000000085600000|100%| O|  |TAMS 0x0000000085600000, 0x0000000085600000| Untracked 
|  86|0x0000000085600000, 0x0000000085700000, 0x0000000085700000|100%| O|  |TAMS 0x0000000085700000, 0x0000000085700000| Untracked 
|  87|0x0000000085700000, 0x0000000085800000, 0x0000000085800000|100%| O|  |TAMS 0x0000000085800000, 0x0000000085800000| Untracked 
|  88|0x0000000085800000, 0x0000000085900000, 0x0000000085900000|100%| O|  |TAMS 0x0000000085900000, 0x0000000085900000| Untracked 
|  89|0x0000000085900000, 0x0000000085a00000, 0x0000000085a00000|100%| O|  |TAMS 0x0000000085a00000, 0x0000000085a00000| Untracked 
|  90|0x0000000085a00000, 0x0000000085b00000, 0x0000000085b00000|100%| O|  |TAMS 0x0000000085b00000, 0x0000000085b00000| Untracked 
|  91|0x0000000085b00000, 0x0000000085c00000, 0x0000000085c00000|100%| O|  |TAMS 0x0000000085c00000, 0x0000000085c00000| Untracked 
|  92|0x0000000085c00000, 0x0000000085d00000, 0x0000000085d00000|100%| O|  |TAMS 0x0000000085d00000, 0x0000000085d00000| Untracked 
|  93|0x0000000085d00000, 0x0000000085e00000, 0x0000000085e00000|100%| O|  |TAMS 0x0000000085e00000, 0x0000000085e00000| Untracked 
|  94|0x0000000085e00000, 0x0000000085e00000, 0x0000000085f00000|  0%| F|  |TAMS 0x0000000085e00000, 0x0000000085e00000| Untracked 
|  95|0x0000000085f00000, 0x0000000086000000, 0x0000000086000000|100%| O|  |TAMS 0x0000000086000000, 0x0000000086000000| Untracked 
|  96|0x0000000086000000, 0x0000000086100000, 0x0000000086100000|100%| O|  |TAMS 0x0000000086100000, 0x0000000086100000| Untracked 
|  97|0x0000000086100000, 0x0000000086200000, 0x0000000086200000|100%| O|  |TAMS 0x0000000086200000, 0x0000000086200000| Untracked 
|  98|0x0000000086200000, 0x0000000086300000, 0x0000000086300000|100%| O|  |TAMS 0x0000000086300000, 0x0000000086300000| Untracked 
|  99|0x0000000086300000, 0x0000000086400000, 0x0000000086400000|100%| O|  |TAMS 0x0000000086400000, 0x0000000086400000| Untracked 
| 100|0x0000000086400000, 0x0000000086500000, 0x0000000086500000|100%| O|  |TAMS 0x0000000086500000, 0x0000000086500000| Untracked 
| 101|0x0000000086500000, 0x0000000086600000, 0x0000000086600000|100%| O|  |TAMS 0x0000000086600000, 0x0000000086600000| Untracked 
| 102|0x0000000086600000, 0x0000000086700000, 0x0000000086700000|100%| O|  |TAMS 0x0000000086700000, 0x0000000086700000| Untracked 
| 103|0x0000000086700000, 0x0000000086800000, 0x0000000086800000|100%| O|  |TAMS 0x0000000086800000, 0x0000000086800000| Untracked 
| 104|0x0000000086800000, 0x0000000086900000, 0x0000000086900000|100%| O|  |TAMS 0x0000000086900000, 0x0000000086900000| Untracked 
| 105|0x0000000086900000, 0x0000000086a00000, 0x0000000086a00000|100%| O|  |TAMS 0x0000000086a00000, 0x0000000086a00000| Untracked 
| 106|0x0000000086a00000, 0x0000000086b00000, 0x0000000086b00000|100%| O|  |TAMS 0x0000000086b00000, 0x0000000086b00000| Untracked 
| 107|0x0000000086b00000, 0x0000000086bec000, 0x0000000086c00000| 92%| O|  |TAMS 0x0000000086bec000, 0x0000000086bec000| Untracked 
| 108|0x0000000086c00000, 0x0000000086c00000, 0x0000000086d00000|  0%| F|  |TAMS 0x0000000086c00000, 0x0000000086c00000| Untracked 
| 109|0x0000000086d00000, 0x0000000086d00000, 0x0000000086e00000|  0%| F|  |TAMS 0x0000000086d00000, 0x0000000086d00000| Untracked 
| 110|0x0000000086e00000, 0x0000000086f00000, 0x0000000086f00000|100%| O|  |TAMS 0x0000000086f00000, 0x0000000086f00000| Untracked 
| 111|0x0000000086f00000, 0x0000000087000000, 0x0000000087000000|100%| O|  |TAMS 0x0000000087000000, 0x0000000087000000| Untracked 
| 112|0x0000000087000000, 0x0000000087100000, 0x0000000087100000|100%| O|  |TAMS 0x0000000087100000, 0x0000000087100000| Untracked 
| 113|0x0000000087100000, 0x0000000087200000, 0x0000000087200000|100%| O|  |TAMS 0x0000000087200000, 0x0000000087200000| Untracked 
| 114|0x0000000087200000, 0x0000000087200000, 0x0000000087300000|  0%| F|  |TAMS 0x0000000087200000, 0x0000000087200000| Untracked 
| 115|0x0000000087300000, 0x0000000087300000, 0x0000000087400000|  0%| F|  |TAMS 0x0000000087300000, 0x0000000087300000| Untracked 
| 116|0x0000000087400000, 0x0000000087400000, 0x0000000087500000|  0%| F|  |TAMS 0x0000000087400000, 0x0000000087400000| Untracked 
| 117|0x0000000087500000, 0x0000000087600000, 0x0000000087600000|100%| O|  |TAMS 0x0000000087600000, 0x0000000087600000| Untracked 
| 118|0x0000000087600000, 0x0000000087700000, 0x0000000087700000|100%| O|  |TAMS 0x0000000087700000, 0x0000000087700000| Untracked 
| 119|0x0000000087700000, 0x0000000087800000, 0x0000000087800000|100%| O|  |TAMS 0x0000000087800000, 0x0000000087800000| Untracked 
| 120|0x0000000087800000, 0x0000000087900000, 0x0000000087900000|100%| O|  |TAMS 0x0000000087900000, 0x0000000087900000| Untracked 
| 121|0x0000000087900000, 0x0000000087900000, 0x0000000087a00000|  0%| F|  |TAMS 0x0000000087900000, 0x0000000087900000| Untracked 
| 122|0x0000000087a00000, 0x0000000087a00000, 0x0000000087b00000|  0%| F|  |TAMS 0x0000000087a00000, 0x0000000087a00000| Untracked 
| 123|0x0000000087b00000, 0x0000000087b00000, 0x0000000087c00000|  0%| F|  |TAMS 0x0000000087b00000, 0x0000000087b00000| Untracked 
| 124|0x0000000087c00000, 0x0000000087c00000, 0x0000000087d00000|  0%| F|  |TAMS 0x0000000087c00000, 0x0000000087c00000| Untracked 
| 125|0x0000000087d00000, 0x0000000087d00000, 0x0000000087e00000|  0%| F|  |TAMS 0x0000000087d00000, 0x0000000087d00000| Untracked 
| 126|0x0000000087e00000, 0x0000000087e00000, 0x0000000087f00000|  0%| F|  |TAMS 0x0000000087e00000, 0x0000000087e00000| Untracked 
| 127|0x0000000087f00000, 0x0000000087f00000, 0x0000000088000000|  0%| F|  |TAMS 0x0000000087f00000, 0x0000000087f00000| Untracked 
| 128|0x0000000088000000, 0x0000000088000000, 0x0000000088100000|  0%| F|  |TAMS 0x0000000088000000, 0x0000000088000000| Untracked 
| 129|0x0000000088100000, 0x0000000088100000, 0x0000000088200000|  0%| F|  |TAMS 0x0000000088100000, 0x0000000088100000| Untracked 
| 130|0x0000000088200000, 0x0000000088200000, 0x0000000088300000|  0%| F|  |TAMS 0x0000000088200000, 0x0000000088200000| Untracked 
| 131|0x0000000088300000, 0x0000000088300000, 0x0000000088400000|  0%| F|  |TAMS 0x0000000088300000, 0x0000000088300000| Untracked 
| 132|0x0000000088400000, 0x0000000088400000, 0x0000000088500000|  0%| F|  |TAMS 0x0000000088400000, 0x0000000088400000| Untracked 
| 133|0x0000000088500000, 0x0000000088500000, 0x0000000088600000|  0%| F|  |TAMS 0x0000000088500000, 0x0000000088500000| Untracked 
| 134|0x0000000088600000, 0x0000000088600000, 0x0000000088700000|  0%| F|  |TAMS 0x0000000088600000, 0x0000000088600000| Untracked 
| 135|0x0000000088700000, 0x0000000088700000, 0x0000000088800000|  0%| F|  |TAMS 0x0000000088700000, 0x0000000088700000| Untracked 
| 136|0x0000000088800000, 0x0000000088800000, 0x0000000088900000|  0%| F|  |TAMS 0x0000000088800000, 0x0000000088800000| Untracked 
| 137|0x0000000088900000, 0x0000000088900000, 0x0000000088a00000|  0%| F|  |TAMS 0x0000000088900000, 0x0000000088900000| Untracked 
| 138|0x0000000088a00000, 0x0000000088a00000, 0x0000000088b00000|  0%| F|  |TAMS 0x0000000088a00000, 0x0000000088a00000| Untracked 
| 139|0x0000000088b00000, 0x0000000088b00000, 0x0000000088c00000|  0%| F|  |TAMS 0x0000000088b00000, 0x0000000088b00000| Untracked 
| 140|0x0000000088c00000, 0x0000000088c00000, 0x0000000088d00000|  0%| F|  |TAMS 0x0000000088c00000, 0x0000000088c00000| Untracked 
| 141|0x0000000088d00000, 0x0000000088d00000, 0x0000000088e00000|  0%| F|  |TAMS 0x0000000088d00000, 0x0000000088d00000| Untracked 
| 142|0x0000000088e00000, 0x0000000088e00000, 0x0000000088f00000|  0%| F|  |TAMS 0x0000000088e00000, 0x0000000088e00000| Untracked 
| 143|0x0000000088f00000, 0x0000000088f00000, 0x0000000089000000|  0%| F|  |TAMS 0x0000000088f00000, 0x0000000088f00000| Untracked 
| 144|0x0000000089000000, 0x0000000089000000, 0x0000000089100000|  0%| F|  |TAMS 0x0000000089000000, 0x0000000089000000| Untracked 
| 145|0x0000000089100000, 0x0000000089100000, 0x0000000089200000|  0%| F|  |TAMS 0x0000000089100000, 0x0000000089100000| Untracked 
| 146|0x0000000089200000, 0x0000000089200000, 0x0000000089300000|  0%| F|  |TAMS 0x0000000089200000, 0x0000000089200000| Untracked 
| 147|0x0000000089300000, 0x0000000089300000, 0x0000000089400000|  0%| F|  |TAMS 0x0000000089300000, 0x0000000089300000| Untracked 
| 148|0x0000000089400000, 0x0000000089400000, 0x0000000089500000|  0%| F|  |TAMS 0x0000000089400000, 0x0000000089400000| Untracked 
| 149|0x0000000089500000, 0x0000000089500000, 0x0000000089600000|  0%| F|  |TAMS 0x0000000089500000, 0x0000000089500000| Untracked 
| 150|0x0000000089600000, 0x0000000089600000, 0x0000000089700000|  0%| F|  |TAMS 0x0000000089600000, 0x0000000089600000| Untracked 
| 151|0x0000000089700000, 0x0000000089700000, 0x0000000089800000|  0%| F|  |TAMS 0x0000000089700000, 0x0000000089700000| Untracked 
| 152|0x0000000089800000, 0x0000000089800000, 0x0000000089900000|  0%| F|  |TAMS 0x0000000089800000, 0x0000000089800000| Untracked 
| 153|0x0000000089900000, 0x0000000089900000, 0x0000000089a00000|  0%| F|  |TAMS 0x0000000089900000, 0x0000000089900000| Untracked 
| 154|0x0000000089a00000, 0x0000000089a00000, 0x0000000089b00000|  0%| F|  |TAMS 0x0000000089a00000, 0x0000000089a00000| Untracked 
| 155|0x0000000089b00000, 0x0000000089b00000, 0x0000000089c00000|  0%| F|  |TAMS 0x0000000089b00000, 0x0000000089b00000| Untracked 
| 156|0x0000000089c00000, 0x0000000089c00000, 0x0000000089d00000|  0%| F|  |TAMS 0x0000000089c00000, 0x0000000089c00000| Untracked 
| 157|0x0000000089d00000, 0x0000000089d00000, 0x0000000089e00000|  0%| F|  |TAMS 0x0000000089d00000, 0x0000000089d00000| Untracked 
| 158|0x0000000089e00000, 0x0000000089e00000, 0x0000000089f00000|  0%| F|  |TAMS 0x0000000089e00000, 0x0000000089e00000| Untracked 
| 159|0x0000000089f00000, 0x0000000089f00000, 0x000000008a000000|  0%| F|  |TAMS 0x0000000089f00000, 0x0000000089f00000| Untracked 
| 160|0x000000008a000000, 0x000000008a0cb280, 0x000000008a100000| 79%| S|CS|TAMS 0x000000008a000000, 0x000000008a000000| Complete 
| 161|0x000000008a100000, 0x000000008a200000, 0x000000008a200000|100%| S|CS|TAMS 0x000000008a100000, 0x000000008a100000| Complete 
| 162|0x000000008a200000, 0x000000008a300000, 0x000000008a300000|100%| S|CS|TAMS 0x000000008a200000, 0x000000008a200000| Complete 
| 163|0x000000008a300000, 0x000000008a400000, 0x000000008a400000|100%| S|CS|TAMS 0x000000008a300000, 0x000000008a300000| Complete 
| 164|0x000000008a400000, 0x000000008a400000, 0x000000008a500000|  0%| F|  |TAMS 0x000000008a400000, 0x000000008a400000| Untracked 
| 165|0x000000008a500000, 0x000000008a500000, 0x000000008a600000|  0%| F|  |TAMS 0x000000008a500000, 0x000000008a500000| Untracked 
| 166|0x000000008a600000, 0x000000008a600000, 0x000000008a700000|  0%| F|  |TAMS 0x000000008a600000, 0x000000008a600000| Untracked 
| 167|0x000000008a700000, 0x000000008a700000, 0x000000008a800000|  0%| F|  |TAMS 0x000000008a700000, 0x000000008a700000| Untracked 
| 168|0x000000008a800000, 0x000000008a800000, 0x000000008a900000|  0%| F|  |TAMS 0x000000008a800000, 0x000000008a800000| Untracked 
| 169|0x000000008a900000, 0x000000008a900000, 0x000000008aa00000|  0%| F|  |TAMS 0x000000008a900000, 0x000000008a900000| Untracked 
| 170|0x000000008aa00000, 0x000000008aa00000, 0x000000008ab00000|  0%| F|  |TAMS 0x000000008aa00000, 0x000000008aa00000| Untracked 
| 171|0x000000008ab00000, 0x000000008ab00000, 0x000000008ac00000|  0%| F|  |TAMS 0x000000008ab00000, 0x000000008ab00000| Untracked 
| 172|0x000000008ac00000, 0x000000008ac00000, 0x000000008ad00000|  0%| F|  |TAMS 0x000000008ac00000, 0x000000008ac00000| Untracked 
| 173|0x000000008ad00000, 0x000000008ad00000, 0x000000008ae00000|  0%| F|  |TAMS 0x000000008ad00000, 0x000000008ad00000| Untracked 
| 174|0x000000008ae00000, 0x000000008ae00000, 0x000000008af00000|  0%| F|  |TAMS 0x000000008ae00000, 0x000000008ae00000| Untracked 
| 175|0x000000008af00000, 0x000000008af00000, 0x000000008b000000|  0%| F|  |TAMS 0x000000008af00000, 0x000000008af00000| Untracked 
| 176|0x000000008b000000, 0x000000008b000000, 0x000000008b100000|  0%| F|  |TAMS 0x000000008b000000, 0x000000008b000000| Untracked 
| 177|0x000000008b100000, 0x000000008b100000, 0x000000008b200000|  0%| F|  |TAMS 0x000000008b100000, 0x000000008b100000| Untracked 
| 178|0x000000008b200000, 0x000000008b200000, 0x000000008b300000|  0%| F|  |TAMS 0x000000008b200000, 0x000000008b200000| Untracked 
| 179|0x000000008b300000, 0x000000008b300000, 0x000000008b400000|  0%| F|  |TAMS 0x000000008b300000, 0x000000008b300000| Untracked 
| 180|0x000000008b400000, 0x000000008b400000, 0x000000008b500000|  0%| F|  |TAMS 0x000000008b400000, 0x000000008b400000| Untracked 
| 181|0x000000008b500000, 0x000000008b500000, 0x000000008b600000|  0%| F|  |TAMS 0x000000008b500000, 0x000000008b500000| Untracked 
| 182|0x000000008b600000, 0x000000008b600000, 0x000000008b700000|  0%| F|  |TAMS 0x000000008b600000, 0x000000008b600000| Untracked 
| 183|0x000000008b700000, 0x000000008b700000, 0x000000008b800000|  0%| F|  |TAMS 0x000000008b700000, 0x000000008b700000| Untracked 
| 184|0x000000008b800000, 0x000000008b800000, 0x000000008b900000|  0%| F|  |TAMS 0x000000008b800000, 0x000000008b800000| Untracked 
| 185|0x000000008b900000, 0x000000008b900000, 0x000000008ba00000|  0%| F|  |TAMS 0x000000008b900000, 0x000000008b900000| Untracked 
| 186|0x000000008ba00000, 0x000000008ba00000, 0x000000008bb00000|  0%| F|  |TAMS 0x000000008ba00000, 0x000000008ba00000| Untracked 
| 187|0x000000008bb00000, 0x000000008bb00000, 0x000000008bc00000|  0%| F|  |TAMS 0x000000008bb00000, 0x000000008bb00000| Untracked 
| 188|0x000000008bc00000, 0x000000008bc00000, 0x000000008bd00000|  0%| F|  |TAMS 0x000000008bc00000, 0x000000008bc00000| Untracked 
| 189|0x000000008bd00000, 0x000000008bd00000, 0x000000008be00000|  0%| F|  |TAMS 0x000000008bd00000, 0x000000008bd00000| Untracked 
| 190|0x000000008be00000, 0x000000008be00000, 0x000000008bf00000|  0%| F|  |TAMS 0x000000008be00000, 0x000000008be00000| Untracked 
| 191|0x000000008bf00000, 0x000000008bf00000, 0x000000008c000000|  0%| F|  |TAMS 0x000000008bf00000, 0x000000008bf00000| Untracked 
| 192|0x000000008c000000, 0x000000008c000000, 0x000000008c100000|  0%| F|  |TAMS 0x000000008c000000, 0x000000008c000000| Untracked 
| 193|0x000000008c100000, 0x000000008c100000, 0x000000008c200000|  0%| F|  |TAMS 0x000000008c100000, 0x000000008c100000| Untracked 
| 194|0x000000008c200000, 0x000000008c200000, 0x000000008c300000|  0%| F|  |TAMS 0x000000008c200000, 0x000000008c200000| Untracked 
| 195|0x000000008c300000, 0x000000008c300000, 0x000000008c400000|  0%| F|  |TAMS 0x000000008c300000, 0x000000008c300000| Untracked 
| 196|0x000000008c400000, 0x000000008c400000, 0x000000008c500000|  0%| F|  |TAMS 0x000000008c400000, 0x000000008c400000| Untracked 
| 197|0x000000008c500000, 0x000000008c500000, 0x000000008c600000|  0%| F|  |TAMS 0x000000008c500000, 0x000000008c500000| Untracked 
| 198|0x000000008c600000, 0x000000008c600000, 0x000000008c700000|  0%| F|  |TAMS 0x000000008c600000, 0x000000008c600000| Untracked 
| 199|0x000000008c700000, 0x000000008c700000, 0x000000008c800000|  0%| F|  |TAMS 0x000000008c700000, 0x000000008c700000| Untracked 
| 200|0x000000008c800000, 0x000000008c800000, 0x000000008c900000|  0%| F|  |TAMS 0x000000008c800000, 0x000000008c800000| Untracked 
| 201|0x000000008c900000, 0x000000008c900000, 0x000000008ca00000|  0%| F|  |TAMS 0x000000008c900000, 0x000000008c900000| Untracked 
| 202|0x000000008ca00000, 0x000000008ca00000, 0x000000008cb00000|  0%| F|  |TAMS 0x000000008ca00000, 0x000000008ca00000| Untracked 
| 203|0x000000008cb00000, 0x000000008cb00000, 0x000000008cc00000|  0%| F|  |TAMS 0x000000008cb00000, 0x000000008cb00000| Untracked 
| 204|0x000000008cc00000, 0x000000008cc00000, 0x000000008cd00000|  0%| F|  |TAMS 0x000000008cc00000, 0x000000008cc00000| Untracked 
| 205|0x000000008cd00000, 0x000000008cd00000, 0x000000008ce00000|  0%| F|  |TAMS 0x000000008cd00000, 0x000000008cd00000| Untracked 
| 206|0x000000008ce00000, 0x000000008ce00000, 0x000000008cf00000|  0%| F|  |TAMS 0x000000008ce00000, 0x000000008ce00000| Untracked 
| 207|0x000000008cf00000, 0x000000008cf00000, 0x000000008d000000|  0%| F|  |TAMS 0x000000008cf00000, 0x000000008cf00000| Untracked 
| 208|0x000000008d000000, 0x000000008d000000, 0x000000008d100000|  0%| F|  |TAMS 0x000000008d000000, 0x000000008d000000| Untracked 
| 209|0x000000008d100000, 0x000000008d100000, 0x000000008d200000|  0%| F|  |TAMS 0x000000008d100000, 0x000000008d100000| Untracked 
| 210|0x000000008d200000, 0x000000008d200000, 0x000000008d300000|  0%| F|  |TAMS 0x000000008d200000, 0x000000008d200000| Untracked 
| 211|0x000000008d300000, 0x000000008d300000, 0x000000008d400000|  0%| F|  |TAMS 0x000000008d300000, 0x000000008d300000| Untracked 
| 212|0x000000008d400000, 0x000000008d400000, 0x000000008d500000|  0%| F|  |TAMS 0x000000008d400000, 0x000000008d400000| Untracked 
| 213|0x000000008d500000, 0x000000008d500000, 0x000000008d600000|  0%| F|  |TAMS 0x000000008d500000, 0x000000008d500000| Untracked 
| 214|0x000000008d600000, 0x000000008d600000, 0x000000008d700000|  0%| F|  |TAMS 0x000000008d600000, 0x000000008d600000| Untracked 
| 215|0x000000008d700000, 0x000000008d700000, 0x000000008d800000|  0%| F|  |TAMS 0x000000008d700000, 0x000000008d700000| Untracked 
| 216|0x000000008d800000, 0x000000008d800000, 0x000000008d900000|  0%| F|  |TAMS 0x000000008d800000, 0x000000008d800000| Untracked 
| 217|0x000000008d900000, 0x000000008d900000, 0x000000008da00000|  0%| F|  |TAMS 0x000000008d900000, 0x000000008d900000| Untracked 
| 218|0x000000008da00000, 0x000000008da00000, 0x000000008db00000|  0%| F|  |TAMS 0x000000008da00000, 0x000000008da00000| Untracked 
| 219|0x000000008db00000, 0x000000008db00000, 0x000000008dc00000|  0%| F|  |TAMS 0x000000008db00000, 0x000000008db00000| Untracked 
| 220|0x000000008dc00000, 0x000000008dc00000, 0x000000008dd00000|  0%| F|  |TAMS 0x000000008dc00000, 0x000000008dc00000| Untracked 
| 221|0x000000008dd00000, 0x000000008dd00000, 0x000000008de00000|  0%| F|  |TAMS 0x000000008dd00000, 0x000000008dd00000| Untracked 
| 222|0x000000008de00000, 0x000000008de00000, 0x000000008df00000|  0%| F|  |TAMS 0x000000008de00000, 0x000000008de00000| Untracked 
| 223|0x000000008df00000, 0x000000008df00000, 0x000000008e000000|  0%| F|  |TAMS 0x000000008df00000, 0x000000008df00000| Untracked 
| 224|0x000000008e000000, 0x000000008e000000, 0x000000008e100000|  0%| F|  |TAMS 0x000000008e000000, 0x000000008e000000| Untracked 
| 225|0x000000008e100000, 0x000000008e100000, 0x000000008e200000|  0%| F|  |TAMS 0x000000008e100000, 0x000000008e100000| Untracked 
| 226|0x000000008e200000, 0x000000008e200000, 0x000000008e300000|  0%| F|  |TAMS 0x000000008e200000, 0x000000008e200000| Untracked 
| 227|0x000000008e300000, 0x000000008e300000, 0x000000008e400000|  0%| F|  |TAMS 0x000000008e300000, 0x000000008e300000| Untracked 
| 228|0x000000008e400000, 0x000000008e400000, 0x000000008e500000|  0%| F|  |TAMS 0x000000008e400000, 0x000000008e400000| Untracked 
| 229|0x000000008e500000, 0x000000008e500000, 0x000000008e600000|  0%| F|  |TAMS 0x000000008e500000, 0x000000008e500000| Untracked 
| 230|0x000000008e600000, 0x000000008e600000, 0x000000008e700000|  0%| F|  |TAMS 0x000000008e600000, 0x000000008e600000| Untracked 
| 231|0x000000008e700000, 0x000000008e700000, 0x000000008e800000|  0%| F|  |TAMS 0x000000008e700000, 0x000000008e700000| Untracked 
| 232|0x000000008e800000, 0x000000008e800000, 0x000000008e900000|  0%| F|  |TAMS 0x000000008e800000, 0x000000008e800000| Untracked 
| 233|0x000000008e900000, 0x000000008e900000, 0x000000008ea00000|  0%| F|  |TAMS 0x000000008e900000, 0x000000008e900000| Untracked 
| 234|0x000000008ea00000, 0x000000008ea00000, 0x000000008eb00000|  0%| F|  |TAMS 0x000000008ea00000, 0x000000008ea00000| Untracked 
| 235|0x000000008eb00000, 0x000000008eb00000, 0x000000008ec00000|  0%| F|  |TAMS 0x000000008eb00000, 0x000000008eb00000| Untracked 
| 236|0x000000008ec00000, 0x000000008ec00000, 0x000000008ed00000|  0%| F|  |TAMS 0x000000008ec00000, 0x000000008ec00000| Untracked 
| 237|0x000000008ed00000, 0x000000008ed00000, 0x000000008ee00000|  0%| F|  |TAMS 0x000000008ed00000, 0x000000008ed00000| Untracked 
| 238|0x000000008ee00000, 0x000000008ee00000, 0x000000008ef00000|  0%| F|  |TAMS 0x000000008ee00000, 0x000000008ee00000| Untracked 
| 239|0x000000008ef00000, 0x000000008ef00000, 0x000000008f000000|  0%| F|  |TAMS 0x000000008ef00000, 0x000000008ef00000| Untracked 
| 240|0x000000008f000000, 0x000000008f000000, 0x000000008f100000|  0%| F|  |TAMS 0x000000008f000000, 0x000000008f000000| Untracked 
| 241|0x000000008f100000, 0x000000008f100000, 0x000000008f200000|  0%| F|  |TAMS 0x000000008f100000, 0x000000008f100000| Untracked 
| 242|0x000000008f200000, 0x000000008f200000, 0x000000008f300000|  0%| F|  |TAMS 0x000000008f200000, 0x000000008f200000| Untracked 
| 243|0x000000008f300000, 0x000000008f300000, 0x000000008f400000|  0%| F|  |TAMS 0x000000008f300000, 0x000000008f300000| Untracked 
| 244|0x000000008f400000, 0x000000008f400000, 0x000000008f500000|  0%| F|  |TAMS 0x000000008f400000, 0x000000008f400000| Untracked 
| 245|0x000000008f500000, 0x000000008f500000, 0x000000008f600000|  0%| F|  |TAMS 0x000000008f500000, 0x000000008f500000| Untracked 
| 246|0x000000008f600000, 0x000000008f600000, 0x000000008f700000|  0%| F|  |TAMS 0x000000008f600000, 0x000000008f600000| Untracked 
| 247|0x000000008f700000, 0x000000008f700000, 0x000000008f800000|  0%| F|  |TAMS 0x000000008f700000, 0x000000008f700000| Untracked 
| 248|0x000000008f800000, 0x000000008f800000, 0x000000008f900000|  0%| F|  |TAMS 0x000000008f800000, 0x000000008f800000| Untracked 
| 249|0x000000008f900000, 0x000000008f900000, 0x000000008fa00000|  0%| F|  |TAMS 0x000000008f900000, 0x000000008f900000| Untracked 
| 250|0x000000008fa00000, 0x000000008fa00000, 0x000000008fb00000|  0%| F|  |TAMS 0x000000008fa00000, 0x000000008fa00000| Untracked 
| 251|0x000000008fb00000, 0x000000008fb00000, 0x000000008fc00000|  0%| F|  |TAMS 0x000000008fb00000, 0x000000008fb00000| Untracked 
| 252|0x000000008fc00000, 0x000000008fc00000, 0x000000008fd00000|  0%| F|  |TAMS 0x000000008fc00000, 0x000000008fc00000| Untracked 
| 253|0x000000008fd00000, 0x000000008fd00000, 0x000000008fe00000|  0%| F|  |TAMS 0x000000008fd00000, 0x000000008fd00000| Untracked 
| 254|0x000000008fe00000, 0x000000008fe00000, 0x000000008ff00000|  0%| F|  |TAMS 0x000000008fe00000, 0x000000008fe00000| Untracked 
| 255|0x000000008ff00000, 0x000000008ff00000, 0x0000000090000000|  0%| F|  |TAMS 0x000000008ff00000, 0x000000008ff00000| Untracked 
| 256|0x0000000090000000, 0x0000000090000000, 0x0000000090100000|  0%| F|  |TAMS 0x0000000090000000, 0x0000000090000000| Untracked 
| 257|0x0000000090100000, 0x0000000090100000, 0x0000000090200000|  0%| F|  |TAMS 0x0000000090100000, 0x0000000090100000| Untracked 
| 258|0x0000000090200000, 0x0000000090200000, 0x0000000090300000|  0%| F|  |TAMS 0x0000000090200000, 0x0000000090200000| Untracked 
| 259|0x0000000090300000, 0x0000000090300000, 0x0000000090400000|  0%| F|  |TAMS 0x0000000090300000, 0x0000000090300000| Untracked 
| 260|0x0000000090400000, 0x0000000090400000, 0x0000000090500000|  0%| F|  |TAMS 0x0000000090400000, 0x0000000090400000| Untracked 
| 261|0x0000000090500000, 0x0000000090500000, 0x0000000090600000|  0%| F|  |TAMS 0x0000000090500000, 0x0000000090500000| Untracked 
| 262|0x0000000090600000, 0x0000000090600000, 0x0000000090700000|  0%| F|  |TAMS 0x0000000090600000, 0x0000000090600000| Untracked 
| 263|0x0000000090700000, 0x0000000090700000, 0x0000000090800000|  0%| F|  |TAMS 0x0000000090700000, 0x0000000090700000| Untracked 
| 264|0x0000000090800000, 0x0000000090800000, 0x0000000090900000|  0%| F|  |TAMS 0x0000000090800000, 0x0000000090800000| Untracked 
| 265|0x0000000090900000, 0x0000000090900000, 0x0000000090a00000|  0%| F|  |TAMS 0x0000000090900000, 0x0000000090900000| Untracked 
| 266|0x0000000090a00000, 0x0000000090a00000, 0x0000000090b00000|  0%| F|  |TAMS 0x0000000090a00000, 0x0000000090a00000| Untracked 
| 267|0x0000000090b00000, 0x0000000090b00000, 0x0000000090c00000|  0%| F|  |TAMS 0x0000000090b00000, 0x0000000090b00000| Untracked 
| 268|0x0000000090c00000, 0x0000000090c00000, 0x0000000090d00000|  0%| F|  |TAMS 0x0000000090c00000, 0x0000000090c00000| Untracked 
| 269|0x0000000090d00000, 0x0000000090d00000, 0x0000000090e00000|  0%| F|  |TAMS 0x0000000090d00000, 0x0000000090d00000| Untracked 
| 270|0x0000000090e00000, 0x0000000090e00000, 0x0000000090f00000|  0%| F|  |TAMS 0x0000000090e00000, 0x0000000090e00000| Untracked 
| 271|0x0000000090f00000, 0x0000000090f00000, 0x0000000091000000|  0%| F|  |TAMS 0x0000000090f00000, 0x0000000090f00000| Untracked 
| 272|0x0000000091000000, 0x0000000091000000, 0x0000000091100000|  0%| F|  |TAMS 0x0000000091000000, 0x0000000091000000| Untracked 
| 273|0x0000000091100000, 0x0000000091100000, 0x0000000091200000|  0%| F|  |TAMS 0x0000000091100000, 0x0000000091100000| Untracked 
| 274|0x0000000091200000, 0x0000000091200000, 0x0000000091300000|  0%| F|  |TAMS 0x0000000091200000, 0x0000000091200000| Untracked 
| 275|0x0000000091300000, 0x0000000091300000, 0x0000000091400000|  0%| F|  |TAMS 0x0000000091300000, 0x0000000091300000| Untracked 
| 276|0x0000000091400000, 0x0000000091400000, 0x0000000091500000|  0%| F|  |TAMS 0x0000000091400000, 0x0000000091400000| Untracked 
| 277|0x0000000091500000, 0x0000000091500000, 0x0000000091600000|  0%| F|  |TAMS 0x0000000091500000, 0x0000000091500000| Untracked 
| 278|0x0000000091600000, 0x0000000091600000, 0x0000000091700000|  0%| F|  |TAMS 0x0000000091600000, 0x0000000091600000| Untracked 
| 279|0x0000000091700000, 0x0000000091700000, 0x0000000091800000|  0%| F|  |TAMS 0x0000000091700000, 0x0000000091700000| Untracked 
| 280|0x0000000091800000, 0x0000000091800000, 0x0000000091900000|  0%| F|  |TAMS 0x0000000091800000, 0x0000000091800000| Untracked 
| 281|0x0000000091900000, 0x0000000091900000, 0x0000000091a00000|  0%| F|  |TAMS 0x0000000091900000, 0x0000000091900000| Untracked 
| 282|0x0000000091a00000, 0x0000000091a00000, 0x0000000091b00000|  0%| F|  |TAMS 0x0000000091a00000, 0x0000000091a00000| Untracked 
| 283|0x0000000091b00000, 0x0000000091b00000, 0x0000000091c00000|  0%| F|  |TAMS 0x0000000091b00000, 0x0000000091b00000| Untracked 
| 284|0x0000000091c00000, 0x0000000091c00000, 0x0000000091d00000|  0%| F|  |TAMS 0x0000000091c00000, 0x0000000091c00000| Untracked 
| 285|0x0000000091d00000, 0x0000000091d00000, 0x0000000091e00000|  0%| F|  |TAMS 0x0000000091d00000, 0x0000000091d00000| Untracked 
| 286|0x0000000091e00000, 0x0000000091e00000, 0x0000000091f00000|  0%| F|  |TAMS 0x0000000091e00000, 0x0000000091e00000| Untracked 
| 287|0x0000000091f00000, 0x0000000091f00000, 0x0000000092000000|  0%| F|  |TAMS 0x0000000091f00000, 0x0000000091f00000| Untracked 
| 288|0x0000000092000000, 0x0000000092000000, 0x0000000092100000|  0%| F|  |TAMS 0x0000000092000000, 0x0000000092000000| Untracked 
| 289|0x0000000092100000, 0x0000000092100000, 0x0000000092200000|  0%| F|  |TAMS 0x0000000092100000, 0x0000000092100000| Untracked 
| 290|0x0000000092200000, 0x0000000092200000, 0x0000000092300000|  0%| F|  |TAMS 0x0000000092200000, 0x0000000092200000| Untracked 
| 291|0x0000000092300000, 0x0000000092300000, 0x0000000092400000|  0%| F|  |TAMS 0x0000000092300000, 0x0000000092300000| Untracked 
| 292|0x0000000092400000, 0x0000000092400000, 0x0000000092500000|  0%| F|  |TAMS 0x0000000092400000, 0x0000000092400000| Untracked 
| 293|0x0000000092500000, 0x0000000092500000, 0x0000000092600000|  0%| F|  |TAMS 0x0000000092500000, 0x0000000092500000| Untracked 
| 294|0x0000000092600000, 0x0000000092600000, 0x0000000092700000|  0%| F|  |TAMS 0x0000000092600000, 0x0000000092600000| Untracked 

Card table byte_map: [0x00000186d8300000,0x00000186d8700000] _byte_map_base: 0x00000186d7f00000

Marking Bits (Prev, Next): (CMBitMap*) 0x00000186c3642a70, (CMBitMap*) 0x00000186c3642a38
 Prev Bits: [0x00000186dab00000, 0x00000186dcb00000)
 Next Bits: [0x00000186d8b00000, 0x00000186dab00000)

Polling page: 0x00000186c34b0000

Metaspace:

Usage:
  Non-class:     94.20 MB capacity,    92.36 MB ( 98%) used,     1.47 MB (  2%) free+waste,   383.94 KB ( <1%) overhead. 
      Class:     14.71 MB capacity,    13.51 MB ( 92%) used,     1.03 MB (  7%) free+waste,   172.12 KB (  1%) overhead. 
       Both:    108.91 MB capacity,   105.87 MB ( 97%) used,     2.49 MB (  2%) free+waste,   556.06 KB ( <1%) overhead. 

Virtual space:
  Non-class space:       96.00 MB reserved,      94.38 MB ( 98%) committed 
      Class space:        1.00 GB reserved,      14.82 MB (  1%) committed 
             Both:        1.09 GB reserved,     109.20 MB ( 10%) committed 

Chunk freelists:
   Non-Class:  0 bytes
       Class:  0 bytes
        Both:  0 bytes

MaxMetaspaceSize: 17179869184.00 GB
CompressedClassSpaceSize: 1.00 GB
Initial GC threshold: 20.80 MB
Current GC threshold: 182.01 MB
CDS: off

CodeHeap 'non-profiled nmethods': size=120064Kb used=10325Kb max_used=10325Kb free=109738Kb
 bounds [0x00000186d03a0000, 0x00000186d0dc0000, 0x00000186d78e0000]
CodeHeap 'profiled nmethods': size=120000Kb used=41651Kb max_used=41651Kb free=78349Kb
 bounds [0x00000186c8e70000, 0x00000186cb720000, 0x00000186d03a0000]
CodeHeap 'non-nmethods': size=5696Kb used=2423Kb max_used=2502Kb free=3272Kb
 bounds [0x00000186c88e0000, 0x00000186c8b70000, 0x00000186c8e70000]
 total_blobs=18068 nmethods=17118 adapters=860
 compilation: enabled
              stopped_count=0, restarted_count=0
 full_count=0

Compilation events (20 events):
Event: 102.599 Thread 0x00000186df175000 17435       4       com.android.tools.r8.ir.regalloc.c::d (103 bytes)
Event: 102.606 Thread 0x00000186df17f000 nmethod 17481% 0x00000186cb70ca10 code [0x00000186cb70d1c0, 0x00000186cb712858]
Event: 102.616 Thread 0x00000186df17f000 17482       1       com.android.tools.r8.internal.lt::isEmpty (2 bytes)
Event: 102.616 Thread 0x00000186df17f000 nmethod 17482 0x00000186d0daef90 code [0x00000186d0daf140, 0x00000186d0daf1f8]
Event: 102.617 Thread 0x00000186df17f000 17483       2       com.android.tools.r8.internal.ev::c (5 bytes)
Event: 102.617 Thread 0x00000186df17f000 nmethod 17483 0x00000186cb714110 code [0x00000186cb7142c0, 0x00000186cb7143b8]
Event: 102.617 Thread 0x00000186df17f000 17484       2       com.android.tools.r8.internal.ev::c (4 bytes)
Event: 102.617 Thread 0x00000186df17f000 nmethod 17484 0x00000186cb714490 code [0x00000186cb714640, 0x00000186cb714738]
Event: 102.617 Thread 0x00000186df175000 nmethod 17435 0x00000186d0daf290 code [0x00000186d0daf460, 0x00000186d0daf9f8]
Event: 102.617 Thread 0x00000186df175000 17433       4       com.android.tools.r8.internal.cs::b (30 bytes)
Event: 102.619 Thread 0x00000186df175000 nmethod 17433 0x00000186d0db0110 code [0x00000186d0db02a0, 0x00000186d0db03d8]
Event: 102.619 Thread 0x00000186df175000 16851       4       com.android.tools.r8.internal.L4::a (44 bytes)
Event: 102.631 Thread 0x00000186df17f000 17485 %     3       com.android.tools.r8.ir.regalloc.b::b @ 11 (40 bytes)
Event: 102.632 Thread 0x00000186df17f000 nmethod 17485% 0x00000186cb714810 code [0x00000186cb714a20, 0x00000186cb7150a8]
Event: 102.634 Thread 0x00000186df175000 nmethod 16851 0x00000186d0db0490 code [0x00000186d0db0640, 0x00000186d0db0d78]
Event: 102.634 Thread 0x00000186df175000 17430       4       com.android.tools.r8.internal.No::a (308 bytes)
Event: 102.774 Thread 0x00000186df17f000 17486       3       com.android.tools.r8.internal.xf::a (610 bytes)
Event: 102.782 Thread 0x00000186df17f000 nmethod 17486 0x00000186cb715390 code [0x00000186cb715b60, 0x00000186cb71b298]
Event: 102.819 Thread 0x00000186df175000 nmethod 17430 0x00000186d0db0f10 code [0x00000186d0db12c0, 0x00000186d0db3ef8]
Event: 102.820 Thread 0x00000186df175000 16776       4       com.android.tools.r8.internal.L4$$Lambda$1490/0x0000000100e1a040::accept (8 bytes)

GC Heap History (20 events):
Event: 90.389 GC heap after
{Heap after GC invocations=95 (full 0):
 garbage-first heap   total 220160K, used 120371K [0x0000000080000000, 0x0000000100000000)
  region size 1024K, 2 young (2048K), 2 survivors (2048K)
 Metaspace       used 108196K, capacity 111268K, committed 111440K, reserved 1146880K
  class space    used 13827K, capacity 15046K, committed 15052K, reserved 1048576K
}
Event: 90.455 GC heap before
{Heap before GC invocations=95 (full 0):
 garbage-first heap   total 220160K, used 127539K [0x0000000080000000, 0x0000000100000000)
  region size 1024K, 10 young (10240K), 2 survivors (2048K)
 Metaspace       used 108197K, capacity 111268K, committed 111440K, reserved 1146880K
  class space    used 13827K, capacity 15046K, committed 15052K, reserved 1048576K
}
Event: 90.469 GC heap after
{Heap after GC invocations=96 (full 0):
 garbage-first heap   total 220160K, used 119134K [0x0000000080000000, 0x0000000100000000)
  region size 1024K, 2 young (2048K), 2 survivors (2048K)
 Metaspace       used 108197K, capacity 111268K, committed 111440K, reserved 1146880K
  class space    used 13827K, capacity 15046K, committed 15052K, reserved 1048576K
}
Event: 90.912 GC heap before
{Heap before GC invocations=96 (full 0):
 garbage-first heap   total 220160K, used 183646K [0x0000000080000000, 0x0000000100000000)
  region size 1024K, 65 young (66560K), 2 survivors (2048K)
 Metaspace       used 108211K, capacity 111334K, committed 111440K, reserved 1146880K
  class space    used 13827K, capacity 15046K, committed 15052K, reserved 1048576K
}
Event: 90.919 GC heap after
{Heap after GC invocations=97 (full 0):
 garbage-first heap   total 220160K, used 119308K [0x0000000080000000, 0x0000000100000000)
  region size 1024K, 2 young (2048K), 2 survivors (2048K)
 Metaspace       used 108211K, capacity 111334K, committed 111440K, reserved 1146880K
  class space    used 13827K, capacity 15046K, committed 15052K, reserved 1048576K
}
Event: 91.614 GC heap before
{Heap before GC invocations=98 (full 0):
 garbage-first heap   total 220160K, used 184844K [0x0000000080000000, 0x0000000100000000)
  region size 1024K, 66 young (67584K), 2 survivors (2048K)
 Metaspace       used 108285K, capacity 111360K, committed 111440K, reserved 1146880K
  class space    used 13831K, capacity 15052K, committed 15052K, reserved 1048576K
}
Event: 91.622 GC heap after
{Heap after GC invocations=99 (full 0):
 garbage-first heap   total 220160K, used 119955K [0x0000000080000000, 0x0000000100000000)
  region size 1024K, 3 young (3072K), 3 survivors (3072K)
 Metaspace       used 108285K, capacity 111360K, committed 111440K, reserved 1146880K
  class space    used 13831K, capacity 15052K, committed 15052K, reserved 1048576K
}
Event: 91.679 GC heap before
{Heap before GC invocations=99 (full 0):
 garbage-first heap   total 220160K, used 127123K [0x0000000080000000, 0x0000000100000000)
  region size 1024K, 10 young (10240K), 3 survivors (3072K)
 Metaspace       used 108294K, capacity 111366K, committed 111568K, reserved 1146880K
  class space    used 13832K, capacity 15054K, committed 15180K, reserved 1048576K
}
Event: 91.696 GC heap after
{Heap after GC invocations=100 (full 0):
 garbage-first heap   total 220160K, used 118663K [0x0000000080000000, 0x0000000100000000)
  region size 1024K, 1 young (1024K), 1 survivors (1024K)
 Metaspace       used 108294K, capacity 111366K, committed 111568K, reserved 1146880K
  class space    used 13832K, capacity 15054K, committed 15180K, reserved 1048576K
}
Event: 92.235 GC heap before
{Heap before GC invocations=100 (full 0):
 garbage-first heap   total 220160K, used 186247K [0x0000000080000000, 0x0000000100000000)
  region size 1024K, 67 young (68608K), 1 survivors (1024K)
 Metaspace       used 108333K, capacity 111435K, committed 111568K, reserved 1146880K
  class space    used 13833K, capacity 15055K, committed 15180K, reserved 1048576K
}
Event: 92.275 GC heap after
{Heap after GC invocations=101 (full 0):
 garbage-first heap   total 220160K, used 118860K [0x0000000080000000, 0x0000000100000000)
  region size 1024K, 2 young (2048K), 2 survivors (2048K)
 Metaspace       used 108333K, capacity 111435K, committed 111568K, reserved 1146880K
  class space    used 13833K, capacity 15055K, committed 15180K, reserved 1048576K
}
Event: 92.916 GC heap before
{Heap before GC invocations=101 (full 0):
 garbage-first heap   total 220160K, used 186444K [0x0000000080000000, 0x0000000100000000)
  region size 1024K, 68 young (69632K), 2 survivors (2048K)
 Metaspace       used 108351K, capacity 111435K, committed 111568K, reserved 1146880K
  class space    used 13833K, capacity 15055K, committed 15180K, reserved 1048576K
}
Event: 93.055 GC heap after
{Heap after GC invocations=102 (full 0):
 garbage-first heap   total 302080K, used 119142K [0x0000000080000000, 0x0000000100000000)
  region size 1024K, 2 young (2048K), 2 survivors (2048K)
 Metaspace       used 108351K, capacity 111435K, committed 111568K, reserved 1146880K
  class space    used 13833K, capacity 15055K, committed 15180K, reserved 1048576K
}
Event: 94.753 GC heap before
{Heap before GC invocations=103 (full 0):
 garbage-first heap   total 302080K, used 213350K [0x0000000080000000, 0x0000000100000000)
  region size 1024K, 94 young (96256K), 2 survivors (2048K)
 Metaspace       used 108365K, capacity 111435K, committed 111568K, reserved 1146880K
  class space    used 13833K, capacity 15055K, committed 15180K, reserved 1048576K
}
Event: 94.774 GC heap after
{Heap after GC invocations=104 (full 0):
 garbage-first heap   total 302080K, used 119604K [0x0000000080000000, 0x0000000100000000)
  region size 1024K, 2 young (2048K), 2 survivors (2048K)
 Metaspace       used 108365K, capacity 111435K, committed 111568K, reserved 1146880K
  class space    used 13833K, capacity 15055K, committed 15180K, reserved 1048576K
}
Event: 96.362 GC heap before
{Heap before GC invocations=104 (full 0):
 garbage-first heap   total 302080K, used 236340K [0x0000000080000000, 0x0000000100000000)
  region size 1024K, 116 young (118784K), 2 survivors (2048K)
 Metaspace       used 108376K, capacity 111500K, committed 111824K, reserved 1146880K
  class space    used 13833K, capacity 15055K, committed 15180K, reserved 1048576K
}
Event: 96.382 GC heap after
{Heap after GC invocations=105 (full 0):
 garbage-first heap   total 302080K, used 120223K [0x0000000080000000, 0x0000000100000000)
  region size 1024K, 3 young (3072K), 3 survivors (3072K)
 Metaspace       used 108376K, capacity 111500K, committed 111824K, reserved 1146880K
  class space    used 13833K, capacity 15055K, committed 15180K, reserved 1048576K
}
Event: 100.035 GC heap before
{Heap before GC invocations=106 (full 0):
 garbage-first heap   total 302080K, used 244127K [0x0000000080000000, 0x0000000100000000)
  region size 1024K, 124 young (126976K), 3 survivors (3072K)
 Metaspace       used 108389K, capacity 111501K, committed 111824K, reserved 1146880K
  class space    used 13833K, capacity 15055K, committed 15180K, reserved 1048576K
}
Event: 100.266 GC heap after
{Heap after GC invocations=107 (full 0):
 garbage-first heap   total 302080K, used 120691K [0x0000000080000000, 0x0000000100000000)
  region size 1024K, 3 young (3072K), 3 survivors (3072K)
 Metaspace       used 108389K, capacity 111501K, committed 111824K, reserved 1146880K
  class space    used 13833K, capacity 15055K, committed 15180K, reserved 1048576K
}
Event: 102.840 GC heap before
{Heap before GC invocations=107 (full 0):
 garbage-first heap   total 302080K, used 251763K [0x0000000080000000, 0x0000000100000000)
  region size 1024K, 131 young (134144K), 3 survivors (3072K)
 Metaspace       used 108415K, capacity 111526K, committed 111824K, reserved 1146880K
  class space    used 13836K, capacity 15062K, committed 15180K, reserved 1048576K
}

Deoptimization events (20 events):
Event: 98.608 Thread 0x00000186e1e60800 Uncommon trap: trap_request=0xffffffbe fr.pc=0x00000186d0d666e4 relative=0x0000000000004544
Event: 98.608 Thread 0x00000186e1e60800 Uncommon trap: reason=profile_predicate action=maybe_recompile pc=0x00000186d0d666e4 method=com.android.tools.r8.internal.G50.g0()Z @ 16 c2
Event: 98.608 Thread 0x00000186e1e60800 DEOPT PACKING pc=0x00000186d0d666e4 sp=0x0000004c3ddf87d0
Event: 98.608 Thread 0x00000186e1e60800 DEOPT UNPACKING pc=0x00000186c892a1af sp=0x0000004c3ddf8788 mode 2
Event: 98.608 Thread 0x00000186e1e60800 Uncommon trap: trap_request=0xffffffbe fr.pc=0x00000186d0d666e4 relative=0x0000000000004544
Event: 98.608 Thread 0x00000186e1e60800 Uncommon trap: reason=profile_predicate action=maybe_recompile pc=0x00000186d0d666e4 method=com.android.tools.r8.internal.G50.g0()Z @ 16 c2
Event: 98.608 Thread 0x00000186e1e60800 DEOPT PACKING pc=0x00000186d0d666e4 sp=0x0000004c3ddf87d0
Event: 98.608 Thread 0x00000186e1e60800 DEOPT UNPACKING pc=0x00000186c892a1af sp=0x0000004c3ddf8788 mode 2
Event: 98.608 Thread 0x00000186e1e60800 Uncommon trap: trap_request=0xffffffbe fr.pc=0x00000186d0d666e4 relative=0x0000000000004544
Event: 98.608 Thread 0x00000186e1e60800 Uncommon trap: reason=profile_predicate action=maybe_recompile pc=0x00000186d0d666e4 method=com.android.tools.r8.internal.G50.g0()Z @ 16 c2
Event: 98.608 Thread 0x00000186e1e60800 DEOPT PACKING pc=0x00000186d0d666e4 sp=0x0000004c3ddf87d0
Event: 98.608 Thread 0x00000186e1e60800 DEOPT UNPACKING pc=0x00000186c892a1af sp=0x0000004c3ddf8788 mode 2
Event: 100.335 Thread 0x00000186e1e60800 Uncommon trap: trap_request=0xffffff76 fr.pc=0x00000186d0d815c4 relative=0x0000000000004da4
Event: 100.335 Thread 0x00000186e1e60800 Uncommon trap: reason=loop_limit_check action=maybe_recompile pc=0x00000186d0d815c4 method=com.android.tools.r8.graph.a0.a(IILcom/android/tools/r8/internal/cs;)V @ 307 c2
Event: 100.335 Thread 0x00000186e1e60800 DEOPT PACKING pc=0x00000186d0d815c4 sp=0x0000004c3ddf8930
Event: 100.335 Thread 0x00000186e1e60800 DEOPT UNPACKING pc=0x00000186c892a1af sp=0x0000004c3ddf8950 mode 2
Event: 102.361 Thread 0x00000186e1e60800 Uncommon trap: trap_request=0xffffff4d fr.pc=0x00000186d0d8aa68 relative=0x0000000000002da8
Event: 102.361 Thread 0x00000186e1e60800 Uncommon trap: reason=unstable_if action=reinterpret pc=0x00000186d0d8aa68 method=com.android.tools.r8.internal.xf.a(Ljava/util/Queue;Lcom/android/tools/r8/internal/Ro;Lcom/android/tools/r8/internal/L4;)V @ 66 c2
Event: 102.361 Thread 0x00000186e1e60800 DEOPT PACKING pc=0x00000186d0d8aa68 sp=0x0000004c3ddf8fc0
Event: 102.361 Thread 0x00000186e1e60800 DEOPT UNPACKING pc=0x00000186c892a1af sp=0x0000004c3ddf9008 mode 2

Classes redefined (0 events):
No events

Internal exceptions (20 events):
Event: 77.889 Thread 0x00000186e1e60800 Exception <a 'sun/nio/fs/WindowsException'{0x000000008b045838}> (0x000000008b045838) thrown at [src/hotspot/share/prims/jni.cpp, line 617]
Event: 78.131 Thread 0x00000186e1e60800 Exception <a 'java/lang/NoSuchMethodError'{0x000000008aee9c48}: 'java.lang.Object java.lang.invoke.DirectMethodHandle$Holder.newInvokeSpecial(java.lang.Object, int)'> (0x000000008aee9c48) thrown at [src/hotspot/share/interpreter/linkResolver.cpp, line 773]
Event: 78.672 Thread 0x00000186e1e60800 Exception <a 'java/lang/NoSuchMethodError'{0x000000008a63d280}: 'java.lang.Object java.lang.invoke.DirectMethodHandle$Holder.invokeStaticInit(java.lang.Object, java.lang.Object, java.lang.Object, java.lang.Object, java.lang.Object, java.lang.Object, java.lang.Object, java.lang.Object, java.lang.Object, java.lang.Object, java.lang.Object, java.lang.Object, java.lang.Object, java.lang.Object, java.lang.Object, java.lang.Object, java.lang.Object, java.lang.Object, java.lang.Object, int, java.lang.Object, java
Event: 78.728 Thread 0x00000186e1e60800 Exception <a 'java/lang/IncompatibleClassChangeError'{0x000000008a5776e8}: Found class java.lang.Object, but interface was expected> (0x000000008a5776e8) thrown at [src/hotspot/share/interpreter/linkResolver.cpp, line 839]
Event: 78.804 Thread 0x00000186e1e60800 Exception <a 'java/lang/NoSuchMethodError'{0x000000008a3fef70}: 'java.lang.Object java.lang.invoke.DirectMethodHandle$Holder.invokeStatic(java.lang.Object, long)'> (0x000000008a3fef70) thrown at [src/hotspot/share/interpreter/linkResolver.cpp, line 773]
Event: 78.805 Thread 0x00000186e1e60800 Exception <a 'java/lang/NoSuchMethodError'{0x000000008a203388}: 'java.lang.Object java.lang.invoke.DirectMethodHandle$Holder.invokeSpecial(java.lang.Object, java.lang.Object, long)'> (0x000000008a203388) thrown at [src/hotspot/share/interpreter/linkResolver.cpp, line 773]
Event: 79.566 Thread 0x00000186e1e60800 Exception <a 'java/lang/IncompatibleClassChangeError'{0x000000008bb84f70}: Found class java.lang.Object, but interface was expected> (0x000000008bb84f70) thrown at [src/hotspot/share/interpreter/linkResolver.cpp, line 839]
Event: 80.614 Thread 0x00000186e1e60800 Exception <a 'java/lang/NoSuchMethodError'{0x000000008ba09bb8}: 'java.lang.Object java.lang.invoke.DirectMethodHandle$Holder.invokeStatic(java.lang.Object, int, java.lang.Object, java.lang.Object)'> (0x000000008ba09bb8) thrown at [src/hotspot/share/interpreter/linkResolver.cpp, line 773]
Event: 81.507 Thread 0x00000186e1e60800 Exception <a 'java/lang/IncompatibleClassChangeError'{0x000000008bbb9190}: Found class java.lang.Object, but interface was expected> (0x000000008bbb9190) thrown at [src/hotspot/share/interpreter/linkResolver.cpp, line 839]
Event: 81.512 Thread 0x00000186e1e60800 Exception <a 'java/lang/IncompatibleClassChangeError'{0x000000008bbc3c08}: Found class java.lang.Object, but interface was expected> (0x000000008bbc3c08) thrown at [src/hotspot/share/interpreter/linkResolver.cpp, line 839]
Event: 82.303 Thread 0x00000186e1e60800 Exception <a 'java/lang/NoSuchMethodError'{0x000000008b787d60}: 'void java.lang.invoke.DirectMethodHandle$Holder.invokeSpecial(java.lang.Object, java.lang.Object, int, java.lang.Object)'> (0x000000008b787d60) thrown at [src/hotspot/share/interpreter/linkResolver.cpp, line 773]
Event: 82.493 Thread 0x00000186e1e60800 Exception <a 'java/lang/NoSuchMethodError'{0x000000008b4a2a98}: 'int java.lang.invoke.DirectMethodHandle$Holder.invokeSpecial(java.lang.Object, java.lang.Object, java.lang.Object, int, java.lang.Object)'> (0x000000008b4a2a98) thrown at [src/hotspot/share/interpreter/linkResolver.cpp, line 773]
Event: 82.625 Thread 0x00000186e1e60800 Exception <a 'java/lang/NoSuchMethodError'{0x000000008b081d78}: 'int java.lang.invoke.DirectMethodHandle$Holder.invokeStatic(java.lang.Object, java.lang.Object, int, java.lang.Object)'> (0x000000008b081d78) thrown at [src/hotspot/share/interpreter/linkResolver.cpp, line 773]
Event: 83.577 Thread 0x00000186e1e60800 Exception <a 'java/lang/NoSuchMethodError'{0x000000008cf32210}: 'java.lang.Object java.lang.invoke.DirectMethodHandle$Holder.invokeSpecial(java.lang.Object, java.lang.Object, java.lang.Object, java.lang.Object, java.lang.Object, java.lang.Object, java.lang.Object, java.lang.Object, java.lang.Object, java.lang.Object, java.lang.Object)'> (0x000000008cf32210) thrown at [src/hotspot/share/interpreter/linkResolver.cpp, line 773]
Event: 83.578 Thread 0x00000186e1e60800 Exception <a 'java/lang/NoSuchMethodError'{0x000000008cf3dbb0}: 'java.lang.Object java.lang.invoke.Invokers$Holder.linkToTargetMethod(java.lang.Object, java.lang.Object, java.lang.Object, java.lang.Object, java.lang.Object, java.lang.Object, java.lang.Object, java.lang.Object, java.lang.Object, java.lang.Object)'> (0x000000008cf3dbb0) thrown at [src/hotspot/share/interpreter/linkResolver.cpp, line 773]
Event: 83.589 Thread 0x00000186e1e60800 Exception <a 'java/lang/IncompatibleClassChangeError'{0x000000008cfacfd0}: Found class java.lang.Object, but interface was expected> (0x000000008cfacfd0) thrown at [src/hotspot/share/interpreter/linkResolver.cpp, line 839]
Event: 85.419 Thread 0x00000186e1e60800 Exception <a 'java/lang/NoSuchMethodError'{0x000000008b8303c8}: 'java.lang.Object java.lang.invoke.DirectMethodHandle$Holder.invokeInterface(java.lang.Object, java.lang.Object, int)'> (0x000000008b8303c8) thrown at [src/hotspot/share/interpreter/linkResolver.cpp, line 773]
Event: 86.138 Thread 0x00000186e1e60800 Exception <a 'java/lang/NoSuchMethodError'{0x000000008b9e9e88}: 'int java.lang.invoke.DirectMethodHandle$Holder.invokeInterface(java.lang.Object, java.lang.Object, int)'> (0x000000008b9e9e88) thrown at [src/hotspot/share/interpreter/linkResolver.cpp, line 773]
Event: 86.746 Thread 0x00000186e1e60800 Implicit null exception at 0x00000186d0c8d668 to 0x00000186d0c911d4
Event: 88.962 Thread 0x00000186e1e60800 Implicit null exception at 0x00000186d0ca3184 to 0x00000186d0ca68f0

Events (20 events):
Event: 98.433 Executing VM operation: CGC_Operation done
Event: 100.034 Executing VM operation: G1CollectForAllocation
Event: 100.266 Executing VM operation: G1CollectForAllocation done
Event: 101.686 loading class com/android/tools/r8/internal/w10
Event: 101.686 loading class com/android/tools/r8/internal/w10 done
Event: 101.686 loading class com/android/tools/r8/internal/w10
Event: 101.686 loading class com/android/tools/r8/internal/w10 done
Event: 101.686 loading class com/android/tools/r8/internal/v10
Event: 101.686 loading class com/android/tools/r8/internal/v10 done
Event: 101.687 loading class com/android/tools/r8/dex/code/M0
Event: 101.687 loading class com/android/tools/r8/dex/code/M0 done
Event: 101.687 loading class com/android/tools/r8/dex/code/M0
Event: 101.687 loading class com/android/tools/r8/dex/code/M0 done
Event: 101.687 loading class com/android/tools/r8/dex/code/M0
Event: 101.687 loading class com/android/tools/r8/dex/code/M0 done
Event: 101.687 loading class com/android/tools/r8/dex/code/M0
Event: 101.687 loading class com/android/tools/r8/dex/code/M0 done
Event: 102.534 loading class com/android/tools/r8/internal/jO
Event: 102.534 loading class com/android/tools/r8/internal/jO done
Event: 102.840 Executing VM operation: G1CollectForAllocation


Dynamic libraries:
0x00007ff6e7750000 - 0x00007ff6e775a000 	F:\Android\jbr\bin\java.exe
0x00007ffc564d0000 - 0x00007ffc566c8000 	C:\WINDOWS\SYSTEM32\ntdll.dll
0x00007ffc56240000 - 0x00007ffc562ff000 	C:\WINDOWS\System32\KERNEL32.DLL
0x00007ffc53cc0000 - 0x00007ffc53fb6000 	C:\WINDOWS\System32\KERNELBASE.dll
0x00007ffc54430000 - 0x00007ffc54530000 	C:\WINDOWS\System32\ucrtbase.dll
0x00007ffc4f3d0000 - 0x00007ffc4f3e7000 	F:\Android\jbr\bin\jli.dll
0x00007ffc504f0000 - 0x00007ffc5050b000 	F:\Android\jbr\bin\VCRUNTIME140.dll
0x00007ffc55650000 - 0x00007ffc557ed000 	C:\WINDOWS\System32\USER32.dll
0x00007ffc53c90000 - 0x00007ffc53cb2000 	C:\WINDOWS\System32\win32u.dll
0x00007ffc44b40000 - 0x00007ffc44dda000 	C:\WINDOWS\WinSxS\amd64_microsoft.windows.common-controls_6595b64144ccf1df_6.0.19041.1110_none_60b5254171f9507e\COMCTL32.dll
0x00007ffc55800000 - 0x00007ffc5582c000 	C:\WINDOWS\System32\GDI32.dll
0x00007ffc55890000 - 0x00007ffc5592e000 	C:\WINDOWS\System32\msvcrt.dll
0x00007ffc540f0000 - 0x00007ffc54205000 	C:\WINDOWS\System32\gdi32full.dll
0x00007ffc53fc0000 - 0x00007ffc5405d000 	C:\WINDOWS\System32\msvcp_win.dll
0x00007ffc551e0000 - 0x00007ffc55210000 	C:\WINDOWS\System32\IMM32.DLL
0x00007ffc4f3c0000 - 0x00007ffc4f3cc000 	F:\Android\jbr\bin\vcruntime140_1.dll
0x00007ffc4da20000 - 0x00007ffc4daad000 	F:\Android\jbr\bin\msvcp140.dll
0x00007ffbef440000 - 0x00007ffbefffc000 	F:\Android\jbr\bin\server\jvm.dll
0x00007ffc55210000 - 0x00007ffc552bf000 	C:\WINDOWS\System32\ADVAPI32.dll
0x00007ffc563f0000 - 0x00007ffc5648c000 	C:\WINDOWS\System32\sechost.dll
0x00007ffc55a40000 - 0x00007ffc55b66000 	C:\WINDOWS\System32\RPCRT4.dll
0x00007ffc54ce0000 - 0x00007ffc54ce8000 	C:\WINDOWS\System32\PSAPI.DLL
0x00007ffc44f10000 - 0x00007ffc44f37000 	C:\WINDOWS\SYSTEM32\WINMM.dll
0x00007ffc4e850000 - 0x00007ffc4e859000 	C:\WINDOWS\SYSTEM32\WSOCK32.dll
0x00007ffc43a10000 - 0x00007ffc43a1a000 	C:\WINDOWS\SYSTEM32\VERSION.dll
0x00007ffc555e0000 - 0x00007ffc5564b000 	C:\WINDOWS\System32\WS2_32.dll
0x00007ffc523e0000 - 0x00007ffc523f2000 	C:\WINDOWS\SYSTEM32\kernel.appcore.dll
0x00007ffc4cfb0000 - 0x00007ffc4cfc0000 	F:\Android\jbr\bin\verify.dll
0x00007ffc41c40000 - 0x00007ffc41e24000 	C:\WINDOWS\SYSTEM32\DBGHELP.DLL
0x00007ffc41bd0000 - 0x00007ffc41c04000 	C:\WINDOWS\SYSTEM32\dbgcore.DLL
0x00007ffc54060000 - 0x00007ffc540e2000 	C:\WINDOWS\System32\bcryptPrimitives.dll
0x00007ffc4cf80000 - 0x00007ffc4cfa8000 	F:\Android\jbr\bin\java.dll
0x00007ffc4cf70000 - 0x00007ffc4cf7a000 	F:\Android\jbr\bin\jimage.dll
0x00007ffc4cf50000 - 0x00007ffc4cf68000 	F:\Android\jbr\bin\zip.dll
0x00007ffc54590000 - 0x00007ffc54cd4000 	C:\WINDOWS\System32\SHELL32.dll
0x00007ffc51b40000 - 0x00007ffc522d3000 	C:\WINDOWS\SYSTEM32\windows.storage.dll
0x00007ffc54e80000 - 0x00007ffc551d4000 	C:\WINDOWS\System32\combase.dll
0x00007ffc53610000 - 0x00007ffc5363e000 	C:\WINDOWS\SYSTEM32\Wldp.dll
0x00007ffc55990000 - 0x00007ffc55a3d000 	C:\WINDOWS\System32\SHCORE.dll
0x00007ffc54cf0000 - 0x00007ffc54d45000 	C:\WINDOWS\System32\shlwapi.dll
0x00007ffc53af0000 - 0x00007ffc53b0f000 	C:\WINDOWS\SYSTEM32\profapi.dll
0x00007ffc4cf30000 - 0x00007ffc4cf49000 	F:\Android\jbr\bin\net.dll
0x00007ffc464e0000 - 0x00007ffc465ea000 	C:\WINDOWS\SYSTEM32\WINHTTP.dll
0x00007ffc53370000 - 0x00007ffc533da000 	C:\WINDOWS\system32\mswsock.dll
0x00007ffc4cea0000 - 0x00007ffc4ceb3000 	F:\Android\jbr\bin\nio.dll
0x00007ffc4dd90000 - 0x00007ffc4ddb7000 	C:\Users\Rahat Ali\.gradle\native\e1d6ef7f7dcc3fd88c89a11ec53ec762bb8ba0a96d01ffa2cd45eb1d1d8dd5c5\windows-amd64\native-platform.dll
0x00007ffc368f0000 - 0x00007ffc36a34000 	C:\Users\Rahat Ali\.gradle\native\0d407fdbe67a94daf76414ababcb853783967236a71b16ec16e742cd7a986fd3\windows-amd64\native-platform-file-events.dll
0x00007ffc4ce90000 - 0x00007ffc4ce9a000 	F:\Android\jbr\bin\management.dll
0x00007ffc4ce80000 - 0x00007ffc4ce8b000 	F:\Android\jbr\bin\management_ext.dll
0x00007ffc53560000 - 0x00007ffc53578000 	C:\WINDOWS\SYSTEM32\CRYPTSP.dll
0x00007ffc52c20000 - 0x00007ffc52c54000 	C:\WINDOWS\system32\rsaenh.dll
0x00007ffc53bb0000 - 0x00007ffc53bd7000 	C:\WINDOWS\System32\bcrypt.dll
0x00007ffc53ab0000 - 0x00007ffc53ade000 	C:\WINDOWS\SYSTEM32\USERENV.dll
0x00007ffc53580000 - 0x00007ffc5358c000 	C:\WINDOWS\SYSTEM32\CRYPTBASE.dll
0x00007ffc53010000 - 0x00007ffc5304c000 	C:\WINDOWS\SYSTEM32\IPHLPAPI.DLL
0x00007ffc557f0000 - 0x00007ffc557f8000 	C:\WINDOWS\System32\NSI.dll
0x00007ffc49210000 - 0x00007ffc49227000 	C:\WINDOWS\SYSTEM32\dhcpcsvc6.DLL
0x00007ffc4a580000 - 0x00007ffc4a59d000 	C:\WINDOWS\SYSTEM32\dhcpcsvc.DLL
0x00007ffc53060000 - 0x00007ffc5312b000 	C:\WINDOWS\SYSTEM32\DNSAPI.dll

dbghelp: loaded successfully - version: 4.0.5 - missing functions: none
symbol engine: initialized successfully - sym options: 0x614 - pdb path: .;F:\Android\jbr\bin;C:\WINDOWS\SYSTEM32;C:\WINDOWS\WinSxS\amd64_microsoft.windows.common-controls_6595b64144ccf1df_6.0.19041.1110_none_60b5254171f9507e;F:\Android\jbr\bin\server;C:\Users\Rahat Ali\.gradle\native\e1d6ef7f7dcc3fd88c89a11ec53ec762bb8ba0a96d01ffa2cd45eb1d1d8dd5c5\windows-amd64;C:\Users\Rahat Ali\.gradle\native\0d407fdbe67a94daf76414ababcb853783967236a71b16ec16e742cd7a986fd3\windows-amd64

VM Arguments:
jvm_args: --add-opens=java.base/java.util=ALL-UNNAMED --add-opens=java.base/java.lang=ALL-UNNAMED --add-opens=java.base/java.lang.invoke=ALL-UNNAMED --add-opens=java.base/java.util=ALL-UNNAMED --add-opens=java.prefs/java.util.prefs=ALL-UNNAMED --add-opens=java.prefs/java.util.prefs=ALL-UNNAMED --add-opens=java.base/java.nio.charset=ALL-UNNAMED --add-opens=java.base/java.net=ALL-UNNAMED --add-opens=java.base/java.util.concurrent.atomic=ALL-UNNAMED -Xmx2048m -Dfile.encoding=UTF-8 -Duser.country=US -Duser.language=en -Duser.variant 
java_command: org.gradle.launcher.daemon.bootstrap.GradleDaemon 7.5
java_class_path (initial): C:\Users\Rahat Ali\.gradle\wrapper\dists\gradle-7.5-bin\f1w0cc9nuo0eivz97x2xlu9sv\gradle-7.5\lib\gradle-launcher-7.5.jar
Launcher Type: SUN_STANDARD

[Global flags]
     intx CICompilerCount                          = 3                                         {product} {ergonomic}
     uint ConcGCThreads                            = 1                                         {product} {ergonomic}
     uint G1ConcRefinementThreads                  = 4                                         {product} {ergonomic}
   size_t G1HeapRegionSize                         = 1048576                                   {product} {ergonomic}
    uintx GCDrainStackTargetSize                   = 64                                        {product} {ergonomic}
   size_t InitialHeapSize                          = 67108864                                  {product} {ergonomic}
   size_t MarkStackSize                            = 4194304                                   {product} {ergonomic}
   size_t MaxHeapSize                              = 2147483648                                {product} {command line}
   size_t MaxNewSize                               = 1287651328                                {product} {ergonomic}
   size_t MinHeapDeltaBytes                        = 1048576                                   {product} {ergonomic}
    uintx NonNMethodCodeHeapSize                   = 5830732                                {pd product} {ergonomic}
    uintx NonProfiledCodeHeapSize                  = 122913754                              {pd product} {ergonomic}
    uintx ProfiledCodeHeapSize                     = 122913754                              {pd product} {ergonomic}
    uintx ReservedCodeCacheSize                    = 251658240                              {pd product} {ergonomic}
     bool SegmentedCodeCache                       = true                                      {product} {ergonomic}
     bool UseCompressedClassPointers               = true                                 {lp64_product} {ergonomic}
     bool UseCompressedOops                        = true                                 {lp64_product} {ergonomic}
     bool UseG1GC                                  = true                                      {product} {ergonomic}
     bool UseLargePagesIndividualAllocation        = false                                  {pd product} {ergonomic}

Logging:
Log output configuration:
 #0: stdout all=warning uptime,level,tags
 #1: stderr all=off uptime,level,tags

Environment Variables:
PATH=C:\Program Files\Common Files\Oracle\Java\javapath;C:\WINDOWS\system32;C:\WINDOWS;C:\WINDOWS\System32\Wbem;C:\WINDOWS\System32\WindowsPowerShell\v1.0\;C:\WINDOWS\System32\OpenSSH\;C:\Program Files\nodejs\;C:\ProgramData\chocolatey\bin;C:\Users\Rahat Ali\AppData\Local\Yarn\bin;C:\Program Files\Git\cmd;C:\Program Files\MySQL\MySQL Shell 8.0\bin\;C:\Users\Rahat Ali\AppData\Local\Microsoft\WindowsApps;C:\Users\Rahat Ali\AppData\Roaming\npm;C:\Program Files\Java\jdk-19;C:\Users\Rahat Ali\AppData\Local\Yarn\bin;C:\Users\Rahat Ali\AppData\Local\GitHubDesktop\bin;C:\Users\Rahat Ali\AppData\Local\Programs\Microsoft VS Code\bin;F:\PyCharm\PyCharm Community Edition 2023.1.2\bin;
USERNAME=Rahat Ali
OS=Windows_NT
PROCESSOR_IDENTIFIER=Intel64 Family 6 Model 69 Stepping 1, GenuineIntel



---------------  S Y S T E M  ---------------

OS: Windows 10 , 64 bit Build 19041 (10.0.19041.2913)
OS uptime: 0 days 0:30 hours

CPU:total 4 (initial active 4) (2 cores per cpu, 2 threads per core) family 6 model 69 stepping 1 microcode 0x25, cmov, cx8, fxsr, mmx, sse, sse2, sse3, ssse3, sse4.1, sse4.2, popcnt, avx, avx2, aes, clmul, erms, lzcnt, ht, tsc, tscinvbit, bmi1, bmi2, fma

Memory: 4k page, system-wide physical 4017M (226M free)
TotalPageFile size 6065M (AvailPageFile size 190M)
current process WorkingSet (physical memory assigned to process): 435M, peak: 470M
current process commit charge ("private bytes"): 683M, peak: 979M

vm_info: OpenJDK 64-Bit Server VM (11.0.15+0-b2043.56-9505619) for windows-amd64 JRE (11.0.15+0-b2043.56-9505619), built on Jan 19 2023 02:48:00 by "builduser" with unknown MS VC++:1929

END.
