#
# There is insufficient memory for the Java Runtime Environment to continue.
# Native memory allocation (mmap) failed to map 67108864 bytes for Failed to commit area from 0x00000000c1200000 to 0x00000000c5200000 of length 67108864.
# Possible reasons:
#   The system is out of physical RAM or swap space
#   The process is running with CompressedOops enabled, and the Java Heap may be blocking the growth of the native heap
# Possible solutions:
#   Reduce memory load on the system
#   Increase physical memory or swap space
#   Check if swap backing store is full
#   Decrease Java heap size (-Xmx/-Xms)
#   Decrease number of Java threads
#   Decrease Java thread stack sizes (-Xss)
#   Set larger code cache with -XX:ReservedCodeCacheSize=
# This output file may be truncated or incomplete.
#
#  Out of Memory Error (src/hotspot/os/windows/os_windows.cpp:3627), pid=10604, tid=2748
#
# JRE version:  (11.0.15) (build )
# Java VM: OpenJDK 64-Bit Server VM (11.0.15+0-b2043.56-9505619, mixed mode, sharing, tiered, compressed oops, g1 gc, windows-amd64)
# No core dump will be written. Minidumps are not enabled by default on client versions of Windows
#

---------------  S U M M A R Y ------------

Command Line: git4idea.http.GitAskPassApp Username for 'https://github.com': 

Host: Intel(R) Core(TM) i5-4210U CPU @ 1.70GHz, 4 cores, 3G,  Windows 10 , 64 bit Build 19041 (10.0.19041.2913)
Time: Wed May 24 06:59:58 2023 Pakistan Standard Time elapsed time: 0.146653 seconds (0d 0h 0m 0s)

---------------  T H R E A D  ---------------

Current thread (0x000002a53ba3f800):  JavaThread "Unknown thread" [_thread_in_vm, id=2748, stack(0x000000ea50500000,0x000000ea50600000)]

Stack: [0x000000ea50500000,0x000000ea50600000]
Native frames: (J=compiled Java code, j=interpreted, Vv=VM code, C=native code)
V  [jvm.dll+0x64135a]
V  [jvm.dll+0x7d39f9]
V  [jvm.dll+0x7d51b9]
V  [jvm.dll+0x7d58a3]
V  [jvm.dll+0x2691c5]
V  [jvm.dll+0x63e4e9]
V  [jvm.dll+0x632985]
V  [jvm.dll+0x3231ac]
V  [jvm.dll+0x323032]
V  [jvm.dll+0x327c06]
V  [jvm.dll+0x36ffa2]
V  [jvm.dll+0x36fa01]
V  [jvm.dll+0x2fea28]
V  [jvm.dll+0x2ffb25]
V  [jvm.dll+0x7accd7]
V  [jvm.dll+0x7ae49f]
V  [jvm.dll+0x37d299]
V  [jvm.dll+0x78ef9f]
V  [jvm.dll+0x3ec847]
V  [jvm.dll+0x3eed31]
C  [jli.dll+0x52cb]
C  [ucrtbase.dll+0x21bb2]
C  [KERNEL32.DLL+0x17614]
C  [ntdll.dll+0x526a1]


---------------  P R O C E S S  ---------------

Threads class SMR info:
_java_thread_list=0x000002a5398a2480, length=0, elements={
}

Java Threads: ( => current thread )

Other Threads:
  0x000002a53ba5a800 GCTaskThread "GC Thread#0" [stack: 0x000000ea50600000,0x000000ea50700000] [id=10316]
  0x000002a53ba76000 ConcurrentGCThread "G1 Main Marker" [stack: 0x000000ea50700000,0x000000ea50800000] [id=7644]
  0x000002a53ba78000 ConcurrentGCThread "G1 Conc#0" [stack: 0x000000ea50800000,0x000000ea50900000] [id=7228]

[error occurred during error reporting (printing all threads), id 0xc0000005, EXCEPTION_ACCESS_VIOLATION (0xc0000005) at pc=0x00007ffc353df3e7]

VM state:not at safepoint (not fully initialized)

VM Mutex/Monitor currently owned by a thread:  ([mutex/lock_event])
[0x000002a53ba3b640] Heap_lock - owner thread: 0x000002a53ba3f800

Heap address: 0x00000000c1200000, size: 1006 MB, Compressed Oops mode: Non-zero based: 0x00000000c1200000
Narrow klass base: 0x0000000000000000, Narrow klass shift: 0

GC Heap History (0 events):
No events

Deoptimization events (0 events):
No events

Classes redefined (0 events):
No events

Internal exceptions (0 events):
No events

Events (1 events):
Event: 0.089 Loaded shared library F:\Android\jbr\bin\zip.dll


Dynamic libraries:
0x00007ff6ea400000 - 0x00007ff6ea40a000 	F:\Android\jbr\bin\java.exe
0x00007ffc564d0000 - 0x00007ffc566c8000 	C:\WINDOWS\SYSTEM32\ntdll.dll
0x00007ffc56240000 - 0x00007ffc562ff000 	C:\WINDOWS\System32\KERNEL32.DLL
0x00007ffc53cc0000 - 0x00007ffc53fb6000 	C:\WINDOWS\System32\KERNELBASE.dll
0x00007ffc54430000 - 0x00007ffc54530000 	C:\WINDOWS\System32\ucrtbase.dll
0x00007ffc4df50000 - 0x00007ffc4df6b000 	F:\Android\jbr\bin\VCRUNTIME140.dll
0x00007ffc4de30000 - 0x00007ffc4de47000 	F:\Android\jbr\bin\jli.dll
0x00007ffc55650000 - 0x00007ffc557ed000 	C:\WINDOWS\System32\USER32.dll
0x00007ffc53c90000 - 0x00007ffc53cb2000 	C:\WINDOWS\System32\win32u.dll
0x00007ffc55800000 - 0x00007ffc5582c000 	C:\WINDOWS\System32\GDI32.dll
0x00007ffc44b40000 - 0x00007ffc44dda000 	C:\WINDOWS\WinSxS\amd64_microsoft.windows.common-controls_6595b64144ccf1df_6.0.19041.1110_none_60b5254171f9507e\COMCTL32.dll
0x00007ffc540f0000 - 0x00007ffc54205000 	C:\WINDOWS\System32\gdi32full.dll
0x00007ffc53fc0000 - 0x00007ffc5405d000 	C:\WINDOWS\System32\msvcp_win.dll
0x00007ffc55890000 - 0x00007ffc5592e000 	C:\WINDOWS\System32\msvcrt.dll
0x00007ffc551e0000 - 0x00007ffc55210000 	C:\WINDOWS\System32\IMM32.DLL
0x00007ffc4e8f0000 - 0x00007ffc4e8fc000 	F:\Android\jbr\bin\vcruntime140_1.dll
0x00007ffc427e0000 - 0x00007ffc4286d000 	F:\Android\jbr\bin\msvcp140.dll
0x00007ffc350d0000 - 0x00007ffc35c8c000 	F:\Android\jbr\bin\server\jvm.dll
0x00007ffc55210000 - 0x00007ffc552bf000 	C:\WINDOWS\System32\ADVAPI32.dll
0x00007ffc563f0000 - 0x00007ffc5648c000 	C:\WINDOWS\System32\sechost.dll
0x00007ffc55a40000 - 0x00007ffc55b66000 	C:\WINDOWS\System32\RPCRT4.dll
0x00007ffc54ce0000 - 0x00007ffc54ce8000 	C:\WINDOWS\System32\PSAPI.DLL
0x00007ffc44f10000 - 0x00007ffc44f37000 	C:\WINDOWS\SYSTEM32\WINMM.dll
0x00007ffc50630000 - 0x00007ffc50639000 	C:\WINDOWS\SYSTEM32\WSOCK32.dll
0x00007ffc555e0000 - 0x00007ffc5564b000 	C:\WINDOWS\System32\WS2_32.dll
0x00007ffc43a10000 - 0x00007ffc43a1a000 	C:\WINDOWS\SYSTEM32\VERSION.dll
0x00007ffc523e0000 - 0x00007ffc523f2000 	C:\WINDOWS\SYSTEM32\kernel.appcore.dll
0x00007ffc50620000 - 0x00007ffc50630000 	F:\Android\jbr\bin\verify.dll
0x00007ffc41c40000 - 0x00007ffc41e24000 	C:\WINDOWS\SYSTEM32\DBGHELP.DLL
0x00007ffc41bd0000 - 0x00007ffc41c04000 	C:\WINDOWS\SYSTEM32\dbgcore.DLL
0x00007ffc54060000 - 0x00007ffc540e2000 	C:\WINDOWS\System32\bcryptPrimitives.dll
0x00007ffc505f0000 - 0x00007ffc50618000 	F:\Android\jbr\bin\java.dll
0x00007ffc505e0000 - 0x00007ffc505ea000 	F:\Android\jbr\bin\jimage.dll
0x00007ffc505c0000 - 0x00007ffc505d8000 	F:\Android\jbr\bin\zip.dll

dbghelp: loaded successfully - version: 4.0.5 - missing functions: none
symbol engine: initialized successfully - sym options: 0x614 - pdb path: .;F:\Android\jbr\bin;C:\WINDOWS\SYSTEM32;C:\WINDOWS\WinSxS\amd64_microsoft.windows.common-controls_6595b64144ccf1df_6.0.19041.1110_none_60b5254171f9507e;F:\Android\jbr\bin\server

VM Arguments:
java_command: git4idea.http.GitAskPassApp Username for 'https://github.com': 
java_class_path (initial): F:/Android/plugins/git4idea/lib/git4idea-rt.jar;F:/Android/lib/externalProcess-rt.jar;F:/Android/lib/app.jar;F:/Android/lib/3rd-party-rt.jar
Launcher Type: SUN_STANDARD

[Global flags]
     intx CICompilerCount                          = 3                                         {product} {ergonomic}
     uint ConcGCThreads                            = 1                                         {product} {ergonomic}
     uint G1ConcRefinementThreads                  = 4                                         {product} {ergonomic}
   size_t G1HeapRegionSize                         = 1048576                                   {product} {ergonomic}
    uintx GCDrainStackTargetSize                   = 64                                        {product} {ergonomic}
   size_t InitialHeapSize                          = 67108864                                  {product} {ergonomic}
   size_t MarkStackSize                            = 4194304                                   {product} {ergonomic}
   size_t MaxHeapSize                              = 1054867456                                {product} {ergonomic}
   size_t MinHeapDeltaBytes                        = 1048576                                   {product} {ergonomic}
    uintx NonNMethodCodeHeapSize                   = 5830732                                {pd product} {ergonomic}
    uintx NonProfiledCodeHeapSize                  = 122913754                              {pd product} {ergonomic}
    uintx ProfiledCodeHeapSize                     = 122913754                              {pd product} {ergonomic}
    uintx ReservedCodeCacheSize                    = 251658240                              {pd product} {ergonomic}
     bool SegmentedCodeCache                       = true                                      {product} {ergonomic}
     bool UseCompressedClassPointers               = true                                 {lp64_product} {ergonomic}
     bool UseCompressedOops                        = true                                 {lp64_product} {ergonomic}
     bool UseG1GC                                  = true                                      {product} {ergonomic}
     bool UseLargePagesIndividualAllocation        = false                                  {pd product} {ergonomic}

Logging:
Log output configuration:
 #0: stdout all=warning uptime,level,tags
 #1: stderr all=off uptime,level,tags

Environment Variables:
PATH=C:\Program Files\Git\mingw64\libexec\git-core;C:\Program Files\Git\mingw64\libexec\git-core;C:\Program Files\Git\mingw64\bin;C:\Program Files\Git\usr\bin;C:\Users\Rahat Ali\bin;C:\Program Files\Common Files\Oracle\Java\javapath;C:\WINDOWS\system32;C:\WINDOWS;C:\WINDOWS\System32\Wbem;C:\WINDOWS\System32\WindowsPowerShell\v1.0;C:\WINDOWS\System32\OpenSSH;C:\Program Files\nodejs;C:\ProgramData\chocolatey\bin;C:\Users\Rahat Ali\AppData\Local\Yarn\bin;C:\Program Files\Git\cmd;C:\Program Files\MySQL\MySQL Shell 8.0\bin;C:\Users\Rahat Ali\AppData\Local\Microsoft\WindowsApps;C:\Users\Rahat Ali\AppData\Roaming\npm;C:\Program Files\Java\jdk-19;C:\Users\Rahat Ali\AppData\Local\Yarn\bin;C:\Users\Rahat Ali\AppData\Local\GitHubDesktop\bin;C:\Users\Rahat Ali\AppData\Local\Programs\Microsoft VS Code\bin;F:\PyCharm\PyCharm Community Edition 2023.1.2\bin
USERNAME=Rahat Ali
DISPLAY=:0.0
LC_ALL=en_US.UTF-8
OS=Windows_NT
PROCESSOR_IDENTIFIER=Intel64 Family 6 Model 69 Stepping 1, GenuineIntel



---------------  S Y S T E M  ---------------

OS: Windows 10 , 64 bit Build 19041 (10.0.19041.2913)
OS uptime: 0 days 1:12 hours

CPU:total 4 (initial active 4) (2 cores per cpu, 2 threads per core) family 6 model 69 stepping 1 microcode 0x25, cmov, cx8, fxsr, mmx, sse, sse2, sse3, ssse3, sse4.1, sse4.2, popcnt, avx, avx2, aes, clmul, erms, lzcnt, ht, tsc, tscinvbit, bmi1, bmi2, fma

Memory: 4k page, system-wide physical 4017M (363M free)
TotalPageFile size 6065M (AvailPageFile size 62M)
current process WorkingSet (physical memory assigned to process): 10M, peak: 10M
current process commit charge ("private bytes"): 51M, peak: 115M

vm_info: OpenJDK 64-Bit Server VM (11.0.15+0-b2043.56-9505619) for windows-amd64 JRE (11.0.15+0-b2043.56-9505619), built on Jan 19 2023 02:48:00 by "builduser" with unknown MS VC++:1929

END.
